<?xml version="1.0" encoding="UTF-8"?>
<testsuite xmlns:xsi="http://www.w3.org/2001/XMLSchema-instance" xsi:noNamespaceSchemaLocation="https://maven.apache.org/surefire/maven-surefire-plugin/xsd/surefire-test-report-3.0.xsd" version="3.0" name="controllers.EmployeeControllerTest" time="4.511" tests="3" errors="0" skipped="0" failures="0">
  <properties>
    <property name="sun.desktop" value="windows"/>
    <property name="awt.toolkit" value="sun.awt.windows.WToolkit"/>
    <property name="file.encoding.pkg" value="sun.io"/>
    <property name="java.specification.version" value="1.8"/>
    <property name="sun.cpu.isalist" value="amd64"/>
    <property name="sun.jnu.encoding" value="Cp1252"/>
    <property name="java.class.path" value="C:\Users\prabhat devendra\OneDrive\Desktop\MyProject\myproject\target\test-classes;C:\Users\prabhat devendra\OneDrive\Desktop\MyProject\myproject\target\classes;C:\Users\prabhat devendra\.m2\repository\org\webjars\tinymce-jquery\4.0.16\tinymce-jquery-4.0.16.jar;C:\Users\prabhat devendra\.m2\repository\org\webjars\jquery\2.1.3\jquery-2.1.3.jar;C:\Users\prabhat devendra\.m2\repository\org\webjars\bootstrap\3.3.4\bootstrap-3.3.4.jar;C:\Users\prabhat devendra\.m2\repository\com\h2database\h2\1.4.186\h2-1.4.186.jar;C:\Users\prabhat devendra\.m2\repository\com\googlecode\owasp-java-html-sanitizer\owasp-java-html-sanitizer\20190610.1\owasp-java-html-sanitizer-20190610.1.jar;C:\Users\prabhat devendra\.m2\repository\com\google\guava\guava\27.1-jre\guava-27.1-jre.jar;C:\Users\prabhat devendra\.m2\repository\com\google\guava\failureaccess\1.0.1\failureaccess-1.0.1.jar;C:\Users\prabhat devendra\.m2\repository\com\google\guava\listenablefuture\9999.0-empty-to-avoid-conflict-with-guava\listenablefuture-9999.0-empty-to-avoid-conflict-with-guava.jar;C:\Users\prabhat devendra\.m2\repository\com\google\code\findbugs\jsr305\3.0.2\jsr305-3.0.2.jar;C:\Users\prabhat devendra\.m2\repository\com\google\errorprone\error_prone_annotations\2.2.0\error_prone_annotations-2.2.0.jar;C:\Users\prabhat devendra\.m2\repository\com\google\j2objc\j2objc-annotations\1.1\j2objc-annotations-1.1.jar;C:\Users\prabhat devendra\.m2\repository\org\codehaus\mojo\animal-sniffer-annotations\1.17\animal-sniffer-annotations-1.17.jar;C:\Users\prabhat devendra\.m2\repository\org\ninjaframework\ninja-standalone\6.9.0\ninja-standalone-6.9.0.jar;C:\Users\prabhat devendra\.m2\repository\org\ninjaframework\ninja-servlet\6.9.0\ninja-servlet-6.9.0.jar;C:\Users\prabhat devendra\.m2\repository\org\ninjaframework\ninja-websockets-jsr356\6.9.0\ninja-websockets-jsr356-6.9.0.jar;C:\Users\prabhat devendra\.m2\repository\com\google\inject\extensions\guice-servlet\5.0.1\guice-servlet-5.0.1.jar;C:\Users\prabhat devendra\.m2\repository\org\eclipse\jetty\jetty-server\9.4.44.v20210927\jetty-server-9.4.44.v20210927.jar;C:\Users\prabhat devendra\.m2\repository\org\eclipse\jetty\jetty-http\9.4.44.v20210927\jetty-http-9.4.44.v20210927.jar;C:\Users\prabhat devendra\.m2\repository\org\eclipse\jetty\jetty-io\9.4.44.v20210927\jetty-io-9.4.44.v20210927.jar;C:\Users\prabhat devendra\.m2\repository\org\eclipse\jetty\jetty-servlet\9.4.44.v20210927\jetty-servlet-9.4.44.v20210927.jar;C:\Users\prabhat devendra\.m2\repository\org\eclipse\jetty\jetty-security\9.4.44.v20210927\jetty-security-9.4.44.v20210927.jar;C:\Users\prabhat devendra\.m2\repository\org\eclipse\jetty\jetty-util-ajax\9.4.44.v20210927\jetty-util-ajax-9.4.44.v20210927.jar;C:\Users\prabhat devendra\.m2\repository\org\eclipse\jetty\jetty-xml\9.4.44.v20210927\jetty-xml-9.4.44.v20210927.jar;C:\Users\prabhat devendra\.m2\repository\org\eclipse\jetty\jetty-util\9.4.44.v20210927\jetty-util-9.4.44.v20210927.jar;C:\Users\prabhat devendra\.m2\repository\org\eclipse\jetty\websocket\javax-websocket-server-impl\9.4.44.v20210927\javax-websocket-server-impl-9.4.44.v20210927.jar;C:\Users\prabhat devendra\.m2\repository\org\eclipse\jetty\websocket\javax-websocket-client-impl\9.4.44.v20210927\javax-websocket-client-impl-9.4.44.v20210927.jar;C:\Users\prabhat devendra\.m2\repository\javax\websocket\javax.websocket-client-api\1.0\javax.websocket-client-api-1.0.jar;C:\Users\prabhat devendra\.m2\repository\org\eclipse\jetty\websocket\websocket-server\9.4.44.v20210927\websocket-server-9.4.44.v20210927.jar;C:\Users\prabhat devendra\.m2\repository\org\eclipse\jetty\websocket\websocket-servlet\9.4.44.v20210927\websocket-servlet-9.4.44.v20210927.jar;C:\Users\prabhat devendra\.m2\repository\javax\servlet\javax.servlet-api\4.0.1\javax.servlet-api-4.0.1.jar;C:\Users\prabhat devendra\.m2\repository\javax\websocket\javax.websocket-api\1.1\javax.websocket-api-1.1.jar;C:\Users\prabhat devendra\.m2\repository\org\ninjaframework\ninja-db-classic\6.9.0\ninja-db-classic-6.9.0.jar;C:\Users\prabhat devendra\.m2\repository\org\ninjaframework\ninja-core\6.9.0\ninja-core-6.9.0.jar;C:\Users\prabhat devendra\.m2\repository\org\ocpsoft\prettytime\prettytime\4.0.2.Final\prettytime-4.0.2.Final.jar;C:\Users\prabhat devendra\.m2\repository\joda-time\joda-time\2.10.1\joda-time-2.10.1.jar;C:\Users\prabhat devendra\.m2\repository\com\google\inject\guice\5.0.1\guice-5.0.1.jar;C:\Users\prabhat devendra\.m2\repository\javax\inject\javax.inject\1\javax.inject-1.jar;C:\Users\prabhat devendra\.m2\repository\aopalliance\aopalliance\1.0\aopalliance-1.0.jar;C:\Users\prabhat devendra\.m2\repository\com\google\inject\extensions\guice-assistedinject\5.0.1\guice-assistedinject-5.0.1.jar;C:\Users\prabhat devendra\.m2\repository\com\fasterxml\jackson\core\jackson-core\2.12.2\jackson-core-2.12.2.jar;C:\Users\prabhat devendra\.m2\repository\com\fasterxml\jackson\module\jackson-module-afterburner\2.12.2\jackson-module-afterburner-2.12.2.jar;C:\Users\prabhat devendra\.m2\repository\com\fasterxml\jackson\core\jackson-databind\2.12.2\jackson-databind-2.12.2.jar;C:\Users\prabhat devendra\.m2\repository\com\fasterxml\jackson\datatype\jackson-datatype-jsr310\2.12.2\jackson-datatype-jsr310-2.12.2.jar;C:\Users\prabhat devendra\.m2\repository\com\fasterxml\jackson\core\jackson-annotations\2.12.2\jackson-annotations-2.12.2.jar;C:\Users\prabhat devendra\.m2\repository\com\fasterxml\jackson\datatype\jackson-datatype-jdk8\2.12.2\jackson-datatype-jdk8-2.12.2.jar;C:\Users\prabhat devendra\.m2\repository\com\fasterxml\jackson\datatype\jackson-datatype-joda\2.12.2\jackson-datatype-joda-2.12.2.jar;C:\Users\prabhat devendra\.m2\repository\org\freemarker\freemarker-gae\2.3.29\freemarker-gae-2.3.29.jar;C:\Users\prabhat devendra\.m2\repository\commons-codec\commons-codec\1.15\commons-codec-1.15.jar;C:\Users\prabhat devendra\.m2\repository\ch\qos\logback\logback-classic\1.2.3\logback-classic-1.2.3.jar;C:\Users\prabhat devendra\.m2\repository\ch\qos\logback\logback-core\1.2.3\logback-core-1.2.3.jar;C:\Users\prabhat devendra\.m2\repository\org\slf4j\jcl-over-slf4j\1.7.30\jcl-over-slf4j-1.7.30.jar;C:\Users\prabhat devendra\.m2\repository\org\slf4j\log4j-over-slf4j\1.7.30\log4j-over-slf4j-1.7.30.jar;C:\Users\prabhat devendra\.m2\repository\commons-io\commons-io\2.11.0\commons-io-2.11.0.jar;C:\Users\prabhat devendra\.m2\repository\org\apache\commons\commons-lang3\3.12.0\commons-lang3-3.12.0.jar;C:\Users\prabhat devendra\.m2\repository\commons-configuration\commons-configuration\1.10\commons-configuration-1.10.jar;C:\Users\prabhat devendra\.m2\repository\commons-fileupload\commons-fileupload\1.4\commons-fileupload-1.4.jar;C:\Users\prabhat devendra\.m2\repository\com\fasterxml\jackson\dataformat\jackson-dataformat-xml\2.12.2\jackson-dataformat-xml-2.12.2.jar;C:\Users\prabhat devendra\.m2\repository\com\fasterxml\jackson\module\jackson-module-jaxb-annotations\2.12.2\jackson-module-jaxb-annotations-2.12.2.jar;C:\Users\prabhat devendra\.m2\repository\jakarta\xml\bind\jakarta.xml.bind-api\2.3.2\jakarta.xml.bind-api-2.3.2.jar;C:\Users\prabhat devendra\.m2\repository\jakarta\activation\jakarta.activation-api\1.2.1\jakarta.activation-api-1.2.1.jar;C:\Users\prabhat devendra\.m2\repository\org\codehaus\woodstox\stax2-api\4.2.1\stax2-api-4.2.1.jar;C:\Users\prabhat devendra\.m2\repository\com\fasterxml\woodstox\woodstox-core\5.2.0\woodstox-core-5.2.0.jar;C:\Users\prabhat devendra\.m2\repository\net\sf\ehcache\ehcache-core\2.6.11\ehcache-core-2.6.11.jar;C:\Users\prabhat devendra\.m2\repository\net\spy\spymemcached\2.12.3\spymemcached-2.12.3.jar;C:\Users\prabhat devendra\.m2\repository\org\flywaydb\flyway-core\8.2.2\flyway-core-8.2.2.jar;C:\Users\prabhat devendra\.m2\repository\com\google\inject\extensions\guice-persist\5.0.1\guice-persist-5.0.1.jar;C:\Users\prabhat devendra\.m2\repository\org\hibernate\hibernate-entitymanager\4.3.8.Final\hibernate-entitymanager-4.3.8.Final.jar;C:\Users\prabhat devendra\.m2\repository\org\jboss\logging\jboss-logging-annotations\1.2.0.Beta1\jboss-logging-annotations-1.2.0.Beta1.jar;C:\Users\prabhat devendra\.m2\repository\org\hibernate\hibernate-core\4.3.8.Final\hibernate-core-4.3.8.Final.jar;C:\Users\prabhat devendra\.m2\repository\antlr\antlr\2.7.7\antlr-2.7.7.jar;C:\Users\prabhat devendra\.m2\repository\org\jboss\jandex\1.1.0.Final\jandex-1.1.0.Final.jar;C:\Users\prabhat devendra\.m2\repository\dom4j\dom4j\1.6.1\dom4j-1.6.1.jar;C:\Users\prabhat devendra\.m2\repository\org\hibernate\common\hibernate-commons-annotations\4.0.5.Final\hibernate-commons-annotations-4.0.5.Final.jar;C:\Users\prabhat devendra\.m2\repository\org\hibernate\javax\persistence\hibernate-jpa-2.1-api\1.0.0.Final\hibernate-jpa-2.1-api-1.0.0.Final.jar;C:\Users\prabhat devendra\.m2\repository\org\jboss\spec\javax\transaction\jboss-transaction-api_1.2_spec\1.0.0.Final\jboss-transaction-api_1.2_spec-1.0.0.Final.jar;C:\Users\prabhat devendra\.m2\repository\org\javassist\javassist\3.18.1-GA\javassist-3.18.1-GA.jar;C:\Users\prabhat devendra\.m2\repository\org\hibernate\hibernate-c3p0\4.3.8.Final\hibernate-c3p0-4.3.8.Final.jar;C:\Users\prabhat devendra\.m2\repository\com\mchange\c3p0\0.9.2.1\c3p0-0.9.2.1.jar;C:\Users\prabhat devendra\.m2\repository\com\mchange\mchange-commons-java\0.2.3.4\mchange-commons-java-0.2.3.4.jar;C:\Users\prabhat devendra\.m2\repository\javax\xml\bind\jaxb-api\2.3.0\jaxb-api-2.3.0.jar;C:\Users\prabhat devendra\.m2\repository\org\ninjaframework\ninja-test-utilities\6.9.0\ninja-test-utilities-6.9.0.jar;C:\Users\prabhat devendra\.m2\repository\org\hamcrest\java-hamcrest\2.0.0.0\java-hamcrest-2.0.0.0.jar;C:\Users\prabhat devendra\.m2\repository\org\mockito\mockito-core\3.8.0\mockito-core-3.8.0.jar;C:\Users\prabhat devendra\.m2\repository\net\bytebuddy\byte-buddy\1.10.20\byte-buddy-1.10.20.jar;C:\Users\prabhat devendra\.m2\repository\net\bytebuddy\byte-buddy-agent\1.10.20\byte-buddy-agent-1.10.20.jar;C:\Users\prabhat devendra\.m2\repository\org\objenesis\objenesis\3.1\objenesis-3.1.jar;C:\Users\prabhat devendra\.m2\repository\org\fluentlenium\fluentlenium-junit\3.10.1\fluentlenium-junit-3.10.1.jar;C:\Users\prabhat devendra\.m2\repository\org\fluentlenium\fluentlenium-core\3.10.1\fluentlenium-core-3.10.1.jar;C:\Users\prabhat devendra\.m2\repository\org\seleniumhq\selenium\selenium-remote-driver\3.141.59\selenium-remote-driver-3.141.59.jar;C:\Users\prabhat devendra\.m2\repository\org\atteo\classindex\classindex\3.9\classindex-3.9.jar;C:\Users\prabhat devendra\.m2\repository\org\apache\commons\commons-text\1.9\commons-text-1.9.jar;C:\Users\prabhat devendra\.m2\repository\org\apache\maven\maven-model\3.6.3\maven-model-3.6.3.jar;C:\Users\prabhat devendra\.m2\repository\org\codehaus\plexus\plexus-utils\3.2.1\plexus-utils-3.2.1.jar;C:\Users\prabhat devendra\.m2\repository\io\appium\java-client\7.3.0\java-client-7.3.0.jar;C:\Users\prabhat devendra\.m2\repository\com\google\code\gson\gson\2.8.5\gson-2.8.5.jar;C:\Users\prabhat devendra\.m2\repository\cglib\cglib\3.2.12\cglib-3.2.12.jar;C:\Users\prabhat devendra\.m2\repository\org\ow2\asm\asm\7.1\asm-7.1.jar;C:\Users\prabhat devendra\.m2\repository\commons-validator\commons-validator\1.6\commons-validator-1.6.jar;C:\Users\prabhat devendra\.m2\repository\commons-beanutils\commons-beanutils\1.9.2\commons-beanutils-1.9.2.jar;C:\Users\prabhat devendra\.m2\repository\commons-digester\commons-digester\1.8.1\commons-digester-1.8.1.jar;C:\Users\prabhat devendra\.m2\repository\commons-collections\commons-collections\3.2.2\commons-collections-3.2.2.jar;C:\Users\prabhat devendra\.m2\repository\org\springframework\spring-context\5.1.8.RELEASE\spring-context-5.1.8.RELEASE.jar;C:\Users\prabhat devendra\.m2\repository\org\springframework\spring-aop\5.1.8.RELEASE\spring-aop-5.1.8.RELEASE.jar;C:\Users\prabhat devendra\.m2\repository\org\springframework\spring-beans\5.1.8.RELEASE\spring-beans-5.1.8.RELEASE.jar;C:\Users\prabhat devendra\.m2\repository\org\springframework\spring-core\5.1.8.RELEASE\spring-core-5.1.8.RELEASE.jar;C:\Users\prabhat devendra\.m2\repository\org\springframework\spring-jcl\5.1.8.RELEASE\spring-jcl-5.1.8.RELEASE.jar;C:\Users\prabhat devendra\.m2\repository\org\springframework\spring-expression\5.1.8.RELEASE\spring-expression-5.1.8.RELEASE.jar;C:\Users\prabhat devendra\.m2\repository\org\aspectj\aspectjweaver\1.9.4\aspectjweaver-1.9.4.jar;C:\Users\prabhat devendra\.m2\repository\org\slf4j\slf4j-api\1.7.30\slf4j-api-1.7.30.jar;C:\Users\prabhat devendra\.m2\repository\org\seleniumhq\selenium\htmlunit-driver\2.47.1\htmlunit-driver-2.47.1.jar;C:\Users\prabhat devendra\.m2\repository\org\seleniumhq\selenium\selenium-api\3.141.59\selenium-api-3.141.59.jar;C:\Users\prabhat devendra\.m2\repository\org\seleniumhq\selenium\selenium-support\3.141.59\selenium-support-3.141.59.jar;C:\Users\prabhat devendra\.m2\repository\org\apache\commons\commons-exec\1.3\commons-exec-1.3.jar;C:\Users\prabhat devendra\.m2\repository\com\squareup\okhttp3\okhttp\3.11.0\okhttp-3.11.0.jar;C:\Users\prabhat devendra\.m2\repository\com\squareup\okio\okio\1.14.0\okio-1.14.0.jar;C:\Users\prabhat devendra\.m2\repository\net\sourceforge\htmlunit\htmlunit\2.47.1\htmlunit-2.47.1.jar;C:\Users\prabhat devendra\.m2\repository\xalan\xalan\2.7.2\xalan-2.7.2.jar;C:\Users\prabhat devendra\.m2\repository\xalan\serializer\2.7.2\serializer-2.7.2.jar;C:\Users\prabhat devendra\.m2\repository\net\sourceforge\htmlunit\htmlunit-core-js\2.47.0\htmlunit-core-js-2.47.0.jar;C:\Users\prabhat devendra\.m2\repository\net\sourceforge\htmlunit\neko-htmlunit\2.47.1\neko-htmlunit-2.47.1.jar;C:\Users\prabhat devendra\.m2\repository\xerces\xercesImpl\2.12.0\xercesImpl-2.12.0.jar;C:\Users\prabhat devendra\.m2\repository\xml-apis\xml-apis\1.4.01\xml-apis-1.4.01.jar;C:\Users\prabhat devendra\.m2\repository\net\sourceforge\htmlunit\htmlunit-cssparser\1.7.0\htmlunit-cssparser-1.7.0.jar;C:\Users\prabhat devendra\.m2\repository\commons-net\commons-net\3.7.2\commons-net-3.7.2.jar;C:\Users\prabhat devendra\.m2\repository\org\brotli\dec\0.1.2\dec-0.1.2.jar;C:\Users\prabhat devendra\.m2\repository\com\shapesecurity\salvation2\3.0.0\salvation2-3.0.0.jar;C:\Users\prabhat devendra\.m2\repository\org\eclipse\jetty\jetty-client\9.4.44.v20210927\jetty-client-9.4.44.v20210927.jar;C:\Users\prabhat devendra\.m2\repository\org\eclipse\jetty\websocket\websocket-client\9.4.44.v20210927\websocket-client-9.4.44.v20210927.jar;C:\Users\prabhat devendra\.m2\repository\org\eclipse\jetty\websocket\websocket-common\9.4.44.v20210927\websocket-common-9.4.44.v20210927.jar;C:\Users\prabhat devendra\.m2\repository\org\eclipse\jetty\websocket\websocket-api\9.4.44.v20210927\websocket-api-9.4.44.v20210927.jar;C:\Users\prabhat devendra\.m2\repository\org\apache\httpcomponents\httpclient\4.5.13\httpclient-4.5.13.jar;C:\Users\prabhat devendra\.m2\repository\org\apache\httpcomponents\httpcore\4.4.13\httpcore-4.4.13.jar;C:\Users\prabhat devendra\.m2\repository\org\apache\httpcomponents\httpmime\4.5.13\httpmime-4.5.13.jar;C:\Users\prabhat devendra\.m2\repository\org\doctester\doctester-core\1.1.8\doctester-core-1.1.8.jar;C:\Users\prabhat devendra\.m2\repository\com\devbliss\doctest\doctest\0.9.1\doctest-0.9.1.jar;C:\Users\prabhat devendra\.m2\repository\de\devbliss\apitester\apitester\0.8.0\apitester-0.8.0.jar;C:\Users\prabhat devendra\.m2\repository\com\fasterxml\jackson-xml-databind\0.6.2\jackson-xml-databind-0.6.2.jar;C:\Users\prabhat devendra\.m2\repository\org\codehaus\jackson\jackson-mapper-asl\1.9.2\jackson-mapper-asl-1.9.2.jar;C:\Users\prabhat devendra\.m2\repository\org\codehaus\jackson\jackson-core-asl\1.9.2\jackson-core-asl-1.9.2.jar;C:\Users\prabhat devendra\.m2\repository\org\codehaus\jackson\jackson-xc\1.9.2\jackson-xc-1.9.2.jar;C:\Users\prabhat devendra\.m2\repository\org\json\org.json\chargebee-1.0\org.json-chargebee-1.0.jar;C:\Users\prabhat devendra\.m2\repository\commons-lang\commons-lang\2.6\commons-lang-2.6.jar;C:\Users\prabhat devendra\.m2\repository\javax\activation\activation\1.1.1\activation-1.1.1.jar;C:\Users\prabhat devendra\.m2\repository\org\postgresql\postgresql\42.3.3\postgresql-42.3.3.jar;C:\Users\prabhat devendra\.m2\repository\org\checkerframework\checker-qual\3.5.0\checker-qual-3.5.0.jar;C:\Users\prabhat devendra\.m2\repository\org\hibernate\hibernate-validator\4.3.1.Final\hibernate-validator-4.3.1.Final.jar;C:\Users\prabhat devendra\.m2\repository\javax\validation\validation-api\1.0.0.GA\validation-api-1.0.0.GA.jar;C:\Users\prabhat devendra\.m2\repository\org\jboss\logging\jboss-logging\3.1.0.CR2\jboss-logging-3.1.0.CR2.jar;C:\Users\prabhat devendra\.m2\repository\junit\junit\4.13.2\junit-4.13.2.jar;C:\Users\prabhat devendra\.m2\repository\org\hamcrest\hamcrest-core\1.3\hamcrest-core-1.3.jar;C:\Users\prabhat devendra\.m2\repository\org\mockito\mockito-all\1.10.19\mockito-all-1.10.19.jar;"/>
    <property name="java.vm.vendor" value="Oracle Corporation"/>
    <property name="sun.arch.data.model" value="64"/>
    <property name="user.variant" value=""/>
    <property name="java.vendor.url" value="http://java.oracle.com/"/>
    <property name="user.timezone" value="Asia/Calcutta"/>
    <property name="java.vm.specification.version" value="1.8"/>
    <property name="os.name" value="Windows 10"/>
    <property name="user.country" value="IN"/>
    <property name="sun.java.launcher" value="SUN_STANDARD"/>
    <property name="sun.boot.library.path" value="C:\Program Files\Java\jdk1.8.0_291\jre\bin"/>
    <property name="sun.java.command" value="C:\Users\prabhat devendra\AppData\Local\Temp\surefire4178866000960767368\surefirebooter-20230417133940264_3.jar C:\Users\prabhat devendra\AppData\Local\Temp\surefire4178866000960767368 2023-04-17T13-39-39_924-jvmRun1 surefire-20230417133940264_1tmp surefire_0-20230417133940264_2tmp"/>
    <property name="surefire.test.class.path" value="C:\Users\prabhat devendra\OneDrive\Desktop\MyProject\myproject\target\test-classes;C:\Users\prabhat devendra\OneDrive\Desktop\MyProject\myproject\target\classes;C:\Users\prabhat devendra\.m2\repository\org\webjars\tinymce-jquery\4.0.16\tinymce-jquery-4.0.16.jar;C:\Users\prabhat devendra\.m2\repository\org\webjars\jquery\2.1.3\jquery-2.1.3.jar;C:\Users\prabhat devendra\.m2\repository\org\webjars\bootstrap\3.3.4\bootstrap-3.3.4.jar;C:\Users\prabhat devendra\.m2\repository\com\h2database\h2\1.4.186\h2-1.4.186.jar;C:\Users\prabhat devendra\.m2\repository\com\googlecode\owasp-java-html-sanitizer\owasp-java-html-sanitizer\20190610.1\owasp-java-html-sanitizer-20190610.1.jar;C:\Users\prabhat devendra\.m2\repository\com\google\guava\guava\27.1-jre\guava-27.1-jre.jar;C:\Users\prabhat devendra\.m2\repository\com\google\guava\failureaccess\1.0.1\failureaccess-1.0.1.jar;C:\Users\prabhat devendra\.m2\repository\com\google\guava\listenablefuture\9999.0-empty-to-avoid-conflict-with-guava\listenablefuture-9999.0-empty-to-avoid-conflict-with-guava.jar;C:\Users\prabhat devendra\.m2\repository\com\google\code\findbugs\jsr305\3.0.2\jsr305-3.0.2.jar;C:\Users\prabhat devendra\.m2\repository\com\google\errorprone\error_prone_annotations\2.2.0\error_prone_annotations-2.2.0.jar;C:\Users\prabhat devendra\.m2\repository\com\google\j2objc\j2objc-annotations\1.1\j2objc-annotations-1.1.jar;C:\Users\prabhat devendra\.m2\repository\org\codehaus\mojo\animal-sniffer-annotations\1.17\animal-sniffer-annotations-1.17.jar;C:\Users\prabhat devendra\.m2\repository\org\ninjaframework\ninja-standalone\6.9.0\ninja-standalone-6.9.0.jar;C:\Users\prabhat devendra\.m2\repository\org\ninjaframework\ninja-servlet\6.9.0\ninja-servlet-6.9.0.jar;C:\Users\prabhat devendra\.m2\repository\org\ninjaframework\ninja-websockets-jsr356\6.9.0\ninja-websockets-jsr356-6.9.0.jar;C:\Users\prabhat devendra\.m2\repository\com\google\inject\extensions\guice-servlet\5.0.1\guice-servlet-5.0.1.jar;C:\Users\prabhat devendra\.m2\repository\org\eclipse\jetty\jetty-server\9.4.44.v20210927\jetty-server-9.4.44.v20210927.jar;C:\Users\prabhat devendra\.m2\repository\org\eclipse\jetty\jetty-http\9.4.44.v20210927\jetty-http-9.4.44.v20210927.jar;C:\Users\prabhat devendra\.m2\repository\org\eclipse\jetty\jetty-io\9.4.44.v20210927\jetty-io-9.4.44.v20210927.jar;C:\Users\prabhat devendra\.m2\repository\org\eclipse\jetty\jetty-servlet\9.4.44.v20210927\jetty-servlet-9.4.44.v20210927.jar;C:\Users\prabhat devendra\.m2\repository\org\eclipse\jetty\jetty-security\9.4.44.v20210927\jetty-security-9.4.44.v20210927.jar;C:\Users\prabhat devendra\.m2\repository\org\eclipse\jetty\jetty-util-ajax\9.4.44.v20210927\jetty-util-ajax-9.4.44.v20210927.jar;C:\Users\prabhat devendra\.m2\repository\org\eclipse\jetty\jetty-xml\9.4.44.v20210927\jetty-xml-9.4.44.v20210927.jar;C:\Users\prabhat devendra\.m2\repository\org\eclipse\jetty\jetty-util\9.4.44.v20210927\jetty-util-9.4.44.v20210927.jar;C:\Users\prabhat devendra\.m2\repository\org\eclipse\jetty\websocket\javax-websocket-server-impl\9.4.44.v20210927\javax-websocket-server-impl-9.4.44.v20210927.jar;C:\Users\prabhat devendra\.m2\repository\org\eclipse\jetty\websocket\javax-websocket-client-impl\9.4.44.v20210927\javax-websocket-client-impl-9.4.44.v20210927.jar;C:\Users\prabhat devendra\.m2\repository\javax\websocket\javax.websocket-client-api\1.0\javax.websocket-client-api-1.0.jar;C:\Users\prabhat devendra\.m2\repository\org\eclipse\jetty\websocket\websocket-server\9.4.44.v20210927\websocket-server-9.4.44.v20210927.jar;C:\Users\prabhat devendra\.m2\repository\org\eclipse\jetty\websocket\websocket-servlet\9.4.44.v20210927\websocket-servlet-9.4.44.v20210927.jar;C:\Users\prabhat devendra\.m2\repository\javax\servlet\javax.servlet-api\4.0.1\javax.servlet-api-4.0.1.jar;C:\Users\prabhat devendra\.m2\repository\javax\websocket\javax.websocket-api\1.1\javax.websocket-api-1.1.jar;C:\Users\prabhat devendra\.m2\repository\org\ninjaframework\ninja-db-classic\6.9.0\ninja-db-classic-6.9.0.jar;C:\Users\prabhat devendra\.m2\repository\org\ninjaframework\ninja-core\6.9.0\ninja-core-6.9.0.jar;C:\Users\prabhat devendra\.m2\repository\org\ocpsoft\prettytime\prettytime\4.0.2.Final\prettytime-4.0.2.Final.jar;C:\Users\prabhat devendra\.m2\repository\joda-time\joda-time\2.10.1\joda-time-2.10.1.jar;C:\Users\prabhat devendra\.m2\repository\com\google\inject\guice\5.0.1\guice-5.0.1.jar;C:\Users\prabhat devendra\.m2\repository\javax\inject\javax.inject\1\javax.inject-1.jar;C:\Users\prabhat devendra\.m2\repository\aopalliance\aopalliance\1.0\aopalliance-1.0.jar;C:\Users\prabhat devendra\.m2\repository\com\google\inject\extensions\guice-assistedinject\5.0.1\guice-assistedinject-5.0.1.jar;C:\Users\prabhat devendra\.m2\repository\com\fasterxml\jackson\core\jackson-core\2.12.2\jackson-core-2.12.2.jar;C:\Users\prabhat devendra\.m2\repository\com\fasterxml\jackson\module\jackson-module-afterburner\2.12.2\jackson-module-afterburner-2.12.2.jar;C:\Users\prabhat devendra\.m2\repository\com\fasterxml\jackson\core\jackson-databind\2.12.2\jackson-databind-2.12.2.jar;C:\Users\prabhat devendra\.m2\repository\com\fasterxml\jackson\datatype\jackson-datatype-jsr310\2.12.2\jackson-datatype-jsr310-2.12.2.jar;C:\Users\prabhat devendra\.m2\repository\com\fasterxml\jackson\core\jackson-annotations\2.12.2\jackson-annotations-2.12.2.jar;C:\Users\prabhat devendra\.m2\repository\com\fasterxml\jackson\datatype\jackson-datatype-jdk8\2.12.2\jackson-datatype-jdk8-2.12.2.jar;C:\Users\prabhat devendra\.m2\repository\com\fasterxml\jackson\datatype\jackson-datatype-joda\2.12.2\jackson-datatype-joda-2.12.2.jar;C:\Users\prabhat devendra\.m2\repository\org\freemarker\freemarker-gae\2.3.29\freemarker-gae-2.3.29.jar;C:\Users\prabhat devendra\.m2\repository\commons-codec\commons-codec\1.15\commons-codec-1.15.jar;C:\Users\prabhat devendra\.m2\repository\ch\qos\logback\logback-classic\1.2.3\logback-classic-1.2.3.jar;C:\Users\prabhat devendra\.m2\repository\ch\qos\logback\logback-core\1.2.3\logback-core-1.2.3.jar;C:\Users\prabhat devendra\.m2\repository\org\slf4j\jcl-over-slf4j\1.7.30\jcl-over-slf4j-1.7.30.jar;C:\Users\prabhat devendra\.m2\repository\org\slf4j\log4j-over-slf4j\1.7.30\log4j-over-slf4j-1.7.30.jar;C:\Users\prabhat devendra\.m2\repository\commons-io\commons-io\2.11.0\commons-io-2.11.0.jar;C:\Users\prabhat devendra\.m2\repository\org\apache\commons\commons-lang3\3.12.0\commons-lang3-3.12.0.jar;C:\Users\prabhat devendra\.m2\repository\commons-configuration\commons-configuration\1.10\commons-configuration-1.10.jar;C:\Users\prabhat devendra\.m2\repository\commons-fileupload\commons-fileupload\1.4\commons-fileupload-1.4.jar;C:\Users\prabhat devendra\.m2\repository\com\fasterxml\jackson\dataformat\jackson-dataformat-xml\2.12.2\jackson-dataformat-xml-2.12.2.jar;C:\Users\prabhat devendra\.m2\repository\com\fasterxml\jackson\module\jackson-module-jaxb-annotations\2.12.2\jackson-module-jaxb-annotations-2.12.2.jar;C:\Users\prabhat devendra\.m2\repository\jakarta\xml\bind\jakarta.xml.bind-api\2.3.2\jakarta.xml.bind-api-2.3.2.jar;C:\Users\prabhat devendra\.m2\repository\jakarta\activation\jakarta.activation-api\1.2.1\jakarta.activation-api-1.2.1.jar;C:\Users\prabhat devendra\.m2\repository\org\codehaus\woodstox\stax2-api\4.2.1\stax2-api-4.2.1.jar;C:\Users\prabhat devendra\.m2\repository\com\fasterxml\woodstox\woodstox-core\5.2.0\woodstox-core-5.2.0.jar;C:\Users\prabhat devendra\.m2\repository\net\sf\ehcache\ehcache-core\2.6.11\ehcache-core-2.6.11.jar;C:\Users\prabhat devendra\.m2\repository\net\spy\spymemcached\2.12.3\spymemcached-2.12.3.jar;C:\Users\prabhat devendra\.m2\repository\org\flywaydb\flyway-core\8.2.2\flyway-core-8.2.2.jar;C:\Users\prabhat devendra\.m2\repository\com\google\inject\extensions\guice-persist\5.0.1\guice-persist-5.0.1.jar;C:\Users\prabhat devendra\.m2\repository\org\hibernate\hibernate-entitymanager\4.3.8.Final\hibernate-entitymanager-4.3.8.Final.jar;C:\Users\prabhat devendra\.m2\repository\org\jboss\logging\jboss-logging-annotations\1.2.0.Beta1\jboss-logging-annotations-1.2.0.Beta1.jar;C:\Users\prabhat devendra\.m2\repository\org\hibernate\hibernate-core\4.3.8.Final\hibernate-core-4.3.8.Final.jar;C:\Users\prabhat devendra\.m2\repository\antlr\antlr\2.7.7\antlr-2.7.7.jar;C:\Users\prabhat devendra\.m2\repository\org\jboss\jandex\1.1.0.Final\jandex-1.1.0.Final.jar;C:\Users\prabhat devendra\.m2\repository\dom4j\dom4j\1.6.1\dom4j-1.6.1.jar;C:\Users\prabhat devendra\.m2\repository\org\hibernate\common\hibernate-commons-annotations\4.0.5.Final\hibernate-commons-annotations-4.0.5.Final.jar;C:\Users\prabhat devendra\.m2\repository\org\hibernate\javax\persistence\hibernate-jpa-2.1-api\1.0.0.Final\hibernate-jpa-2.1-api-1.0.0.Final.jar;C:\Users\prabhat devendra\.m2\repository\org\jboss\spec\javax\transaction\jboss-transaction-api_1.2_spec\1.0.0.Final\jboss-transaction-api_1.2_spec-1.0.0.Final.jar;C:\Users\prabhat devendra\.m2\repository\org\javassist\javassist\3.18.1-GA\javassist-3.18.1-GA.jar;C:\Users\prabhat devendra\.m2\repository\org\hibernate\hibernate-c3p0\4.3.8.Final\hibernate-c3p0-4.3.8.Final.jar;C:\Users\prabhat devendra\.m2\repository\com\mchange\c3p0\0.9.2.1\c3p0-0.9.2.1.jar;C:\Users\prabhat devendra\.m2\repository\com\mchange\mchange-commons-java\0.2.3.4\mchange-commons-java-0.2.3.4.jar;C:\Users\prabhat devendra\.m2\repository\javax\xml\bind\jaxb-api\2.3.0\jaxb-api-2.3.0.jar;C:\Users\prabhat devendra\.m2\repository\org\ninjaframework\ninja-test-utilities\6.9.0\ninja-test-utilities-6.9.0.jar;C:\Users\prabhat devendra\.m2\repository\org\hamcrest\java-hamcrest\2.0.0.0\java-hamcrest-2.0.0.0.jar;C:\Users\prabhat devendra\.m2\repository\org\mockito\mockito-core\3.8.0\mockito-core-3.8.0.jar;C:\Users\prabhat devendra\.m2\repository\net\bytebuddy\byte-buddy\1.10.20\byte-buddy-1.10.20.jar;C:\Users\prabhat devendra\.m2\repository\net\bytebuddy\byte-buddy-agent\1.10.20\byte-buddy-agent-1.10.20.jar;C:\Users\prabhat devendra\.m2\repository\org\objenesis\objenesis\3.1\objenesis-3.1.jar;C:\Users\prabhat devendra\.m2\repository\org\fluentlenium\fluentlenium-junit\3.10.1\fluentlenium-junit-3.10.1.jar;C:\Users\prabhat devendra\.m2\repository\org\fluentlenium\fluentlenium-core\3.10.1\fluentlenium-core-3.10.1.jar;C:\Users\prabhat devendra\.m2\repository\org\seleniumhq\selenium\selenium-remote-driver\3.141.59\selenium-remote-driver-3.141.59.jar;C:\Users\prabhat devendra\.m2\repository\org\atteo\classindex\classindex\3.9\classindex-3.9.jar;C:\Users\prabhat devendra\.m2\repository\org\apache\commons\commons-text\1.9\commons-text-1.9.jar;C:\Users\prabhat devendra\.m2\repository\org\apache\maven\maven-model\3.6.3\maven-model-3.6.3.jar;C:\Users\prabhat devendra\.m2\repository\org\codehaus\plexus\plexus-utils\3.2.1\plexus-utils-3.2.1.jar;C:\Users\prabhat devendra\.m2\repository\io\appium\java-client\7.3.0\java-client-7.3.0.jar;C:\Users\prabhat devendra\.m2\repository\com\google\code\gson\gson\2.8.5\gson-2.8.5.jar;C:\Users\prabhat devendra\.m2\repository\cglib\cglib\3.2.12\cglib-3.2.12.jar;C:\Users\prabhat devendra\.m2\repository\org\ow2\asm\asm\7.1\asm-7.1.jar;C:\Users\prabhat devendra\.m2\repository\commons-validator\commons-validator\1.6\commons-validator-1.6.jar;C:\Users\prabhat devendra\.m2\repository\commons-beanutils\commons-beanutils\1.9.2\commons-beanutils-1.9.2.jar;C:\Users\prabhat devendra\.m2\repository\commons-digester\commons-digester\1.8.1\commons-digester-1.8.1.jar;C:\Users\prabhat devendra\.m2\repository\commons-collections\commons-collections\3.2.2\commons-collections-3.2.2.jar;C:\Users\prabhat devendra\.m2\repository\org\springframework\spring-context\5.1.8.RELEASE\spring-context-5.1.8.RELEASE.jar;C:\Users\prabhat devendra\.m2\repository\org\springframework\spring-aop\5.1.8.RELEASE\spring-aop-5.1.8.RELEASE.jar;C:\Users\prabhat devendra\.m2\repository\org\springframework\spring-beans\5.1.8.RELEASE\spring-beans-5.1.8.RELEASE.jar;C:\Users\prabhat devendra\.m2\repository\org\springframework\spring-core\5.1.8.RELEASE\spring-core-5.1.8.RELEASE.jar;C:\Users\prabhat devendra\.m2\repository\org\springframework\spring-jcl\5.1.8.RELEASE\spring-jcl-5.1.8.RELEASE.jar;C:\Users\prabhat devendra\.m2\repository\org\springframework\spring-expression\5.1.8.RELEASE\spring-expression-5.1.8.RELEASE.jar;C:\Users\prabhat devendra\.m2\repository\org\aspectj\aspectjweaver\1.9.4\aspectjweaver-1.9.4.jar;C:\Users\prabhat devendra\.m2\repository\org\slf4j\slf4j-api\1.7.30\slf4j-api-1.7.30.jar;C:\Users\prabhat devendra\.m2\repository\org\seleniumhq\selenium\htmlunit-driver\2.47.1\htmlunit-driver-2.47.1.jar;C:\Users\prabhat devendra\.m2\repository\org\seleniumhq\selenium\selenium-api\3.141.59\selenium-api-3.141.59.jar;C:\Users\prabhat devendra\.m2\repository\org\seleniumhq\selenium\selenium-support\3.141.59\selenium-support-3.141.59.jar;C:\Users\prabhat devendra\.m2\repository\org\apache\commons\commons-exec\1.3\commons-exec-1.3.jar;C:\Users\prabhat devendra\.m2\repository\com\squareup\okhttp3\okhttp\3.11.0\okhttp-3.11.0.jar;C:\Users\prabhat devendra\.m2\repository\com\squareup\okio\okio\1.14.0\okio-1.14.0.jar;C:\Users\prabhat devendra\.m2\repository\net\sourceforge\htmlunit\htmlunit\2.47.1\htmlunit-2.47.1.jar;C:\Users\prabhat devendra\.m2\repository\xalan\xalan\2.7.2\xalan-2.7.2.jar;C:\Users\prabhat devendra\.m2\repository\xalan\serializer\2.7.2\serializer-2.7.2.jar;C:\Users\prabhat devendra\.m2\repository\net\sourceforge\htmlunit\htmlunit-core-js\2.47.0\htmlunit-core-js-2.47.0.jar;C:\Users\prabhat devendra\.m2\repository\net\sourceforge\htmlunit\neko-htmlunit\2.47.1\neko-htmlunit-2.47.1.jar;C:\Users\prabhat devendra\.m2\repository\xerces\xercesImpl\2.12.0\xercesImpl-2.12.0.jar;C:\Users\prabhat devendra\.m2\repository\xml-apis\xml-apis\1.4.01\xml-apis-1.4.01.jar;C:\Users\prabhat devendra\.m2\repository\net\sourceforge\htmlunit\htmlunit-cssparser\1.7.0\htmlunit-cssparser-1.7.0.jar;C:\Users\prabhat devendra\.m2\repository\commons-net\commons-net\3.7.2\commons-net-3.7.2.jar;C:\Users\prabhat devendra\.m2\repository\org\brotli\dec\0.1.2\dec-0.1.2.jar;C:\Users\prabhat devendra\.m2\repository\com\shapesecurity\salvation2\3.0.0\salvation2-3.0.0.jar;C:\Users\prabhat devendra\.m2\repository\org\eclipse\jetty\jetty-client\9.4.44.v20210927\jetty-client-9.4.44.v20210927.jar;C:\Users\prabhat devendra\.m2\repository\org\eclipse\jetty\websocket\websocket-client\9.4.44.v20210927\websocket-client-9.4.44.v20210927.jar;C:\Users\prabhat devendra\.m2\repository\org\eclipse\jetty\websocket\websocket-common\9.4.44.v20210927\websocket-common-9.4.44.v20210927.jar;C:\Users\prabhat devendra\.m2\repository\org\eclipse\jetty\websocket\websocket-api\9.4.44.v20210927\websocket-api-9.4.44.v20210927.jar;C:\Users\prabhat devendra\.m2\repository\org\apache\httpcomponents\httpclient\4.5.13\httpclient-4.5.13.jar;C:\Users\prabhat devendra\.m2\repository\org\apache\httpcomponents\httpcore\4.4.13\httpcore-4.4.13.jar;C:\Users\prabhat devendra\.m2\repository\org\apache\httpcomponents\httpmime\4.5.13\httpmime-4.5.13.jar;C:\Users\prabhat devendra\.m2\repository\org\doctester\doctester-core\1.1.8\doctester-core-1.1.8.jar;C:\Users\prabhat devendra\.m2\repository\com\devbliss\doctest\doctest\0.9.1\doctest-0.9.1.jar;C:\Users\prabhat devendra\.m2\repository\de\devbliss\apitester\apitester\0.8.0\apitester-0.8.0.jar;C:\Users\prabhat devendra\.m2\repository\com\fasterxml\jackson-xml-databind\0.6.2\jackson-xml-databind-0.6.2.jar;C:\Users\prabhat devendra\.m2\repository\org\codehaus\jackson\jackson-mapper-asl\1.9.2\jackson-mapper-asl-1.9.2.jar;C:\Users\prabhat devendra\.m2\repository\org\codehaus\jackson\jackson-core-asl\1.9.2\jackson-core-asl-1.9.2.jar;C:\Users\prabhat devendra\.m2\repository\org\codehaus\jackson\jackson-xc\1.9.2\jackson-xc-1.9.2.jar;C:\Users\prabhat devendra\.m2\repository\org\json\org.json\chargebee-1.0\org.json-chargebee-1.0.jar;C:\Users\prabhat devendra\.m2\repository\commons-lang\commons-lang\2.6\commons-lang-2.6.jar;C:\Users\prabhat devendra\.m2\repository\javax\activation\activation\1.1.1\activation-1.1.1.jar;C:\Users\prabhat devendra\.m2\repository\org\postgresql\postgresql\42.3.3\postgresql-42.3.3.jar;C:\Users\prabhat devendra\.m2\repository\org\checkerframework\checker-qual\3.5.0\checker-qual-3.5.0.jar;C:\Users\prabhat devendra\.m2\repository\org\hibernate\hibernate-validator\4.3.1.Final\hibernate-validator-4.3.1.Final.jar;C:\Users\prabhat devendra\.m2\repository\javax\validation\validation-api\1.0.0.GA\validation-api-1.0.0.GA.jar;C:\Users\prabhat devendra\.m2\repository\org\jboss\logging\jboss-logging\3.1.0.CR2\jboss-logging-3.1.0.CR2.jar;C:\Users\prabhat devendra\.m2\repository\junit\junit\4.13.2\junit-4.13.2.jar;C:\Users\prabhat devendra\.m2\repository\org\hamcrest\hamcrest-core\1.3\hamcrest-core-1.3.jar;C:\Users\prabhat devendra\.m2\repository\org\mockito\mockito-all\1.10.19\mockito-all-1.10.19.jar;"/>
    <property name="sun.cpu.endian" value="little"/>
    <property name="user.home" value="C:\Users\prabhat devendra"/>
    <property name="user.language" value="en"/>
    <property name="java.specification.vendor" value="Oracle Corporation"/>
    <property name="java.home" value="C:\Program Files\Java\jdk1.8.0_291\jre"/>
    <property name="basedir" value="C:\Users\prabhat devendra\OneDrive\Desktop\MyProject\myproject"/>
    <property name="file.separator" value="\"/>
    <property name="line.separator" value="&#10;"/>
    <property name="java.vm.specification.vendor" value="Oracle Corporation"/>
    <property name="java.specification.name" value="Java Platform API Specification"/>
    <property name="java.awt.graphicsenv" value="sun.awt.Win32GraphicsEnvironment"/>
    <property name="surefire.real.class.path" value="C:\Users\prabhat devendra\AppData\Local\Temp\surefire4178866000960767368\surefirebooter-20230417133940264_3.jar"/>
    <property name="sun.boot.class.path" value="C:\Program Files\Java\jdk1.8.0_291\jre\lib\resources.jar;C:\Program Files\Java\jdk1.8.0_291\jre\lib\rt.jar;C:\Program Files\Java\jdk1.8.0_291\jre\lib\sunrsasign.jar;C:\Program Files\Java\jdk1.8.0_291\jre\lib\jsse.jar;C:\Program Files\Java\jdk1.8.0_291\jre\lib\jce.jar;C:\Program Files\Java\jdk1.8.0_291\jre\lib\charsets.jar;C:\Program Files\Java\jdk1.8.0_291\jre\lib\jfr.jar;C:\Program Files\Java\jdk1.8.0_291\jre\classes"/>
    <property name="user.script" value=""/>
    <property name="sun.management.compiler" value="HotSpot 64-Bit Tiered Compilers"/>
    <property name="java.runtime.version" value="1.8.0_291-b10"/>
    <property name="user.name" value="prabhat devendra"/>
    <property name="path.separator" value=";"/>
    <property name="os.version" value="10.0"/>
    <property name="java.endorsed.dirs" value="C:\Program Files\Java\jdk1.8.0_291\jre\lib\endorsed"/>
    <property name="java.runtime.name" value="Java(TM) SE Runtime Environment"/>
    <property name="file.encoding" value="Cp1252"/>
    <property name="java.vm.name" value="Java HotSpot(TM) 64-Bit Server VM"/>
    <property name="localRepository" value="C:\Users\prabhat devendra\.m2\repository"/>
    <property name="java.vendor.url.bug" value="http://bugreport.sun.com/bugreport/"/>
    <property name="java.io.tmpdir" value="C:\Users\PRABHA~1\AppData\Local\Temp\"/>
    <property name="java.version" value="1.8.0_291"/>
    <property name="user.dir" value="C:\Users\prabhat devendra\OneDrive\Desktop\MyProject\myproject"/>
    <property name="os.arch" value="amd64"/>
    <property name="java.vm.specification.name" value="Java Virtual Machine Specification"/>
    <property name="java.awt.printerjob" value="sun.awt.windows.WPrinterJob"/>
    <property name="sun.os.patch.level" value=""/>
    <property name="java.library.path" value="C:\Program Files\Java\jdk1.8.0_291\jre\bin;C:\WINDOWS\Sun\Java\bin;C:\WINDOWS\system32;C:\WINDOWS;C:\Users\prabhat devendra\bin;C:\Program Files\Git\mingw64\bin;C:\Program Files\Git\usr\local\bin;C:\Program Files\Git\usr\bin;C:\Program Files\Git\usr\bin;C:\Program Files\Git\mingw64\bin;C:\Program Files\Git\usr\bin;C:\Users\prabhat devendra\bin;C:\Program Files (x86)\Common Files\Oracle\Java\javapath;C:\Program Files\MongoDB\Server\6.0\bin;C:\Windows\system32;C:\Windows;C:\Windows\System32\Wbem;C:\Windows\System32\WindowsPowerShell\v1.0;C:\Windows\System32\OpenSSH;C:\Program Files\NVIDIA Corporation\NVIDIA NvDLISR;C:\Program Files\dotnet;C:\Program Files\Git\cmd;C:\Program Files\nodejs;C:\Program Files\Docker\Docker\resources\bin;C:\ProgramData\DockerDesktop\version-bin;C:\Program Files (x86)\HP\Common\HPDestPlgIn;C:\Users\prabhat devendra\OneDrive\Desktop\terraform;C:\WINDOWS\system32;C:\WINDOWS;C:\WINDOWS\System32\Wbem;C:\WINDOWS\System32\WindowsPowerShell\v1.0;C:\WINDOWS\System32\OpenSSH;C:\Program Files\Java\jdk1.8.0_291\bin;C:\Program Files\mongosh\mongosh-1.8.0-win32-x64\bin;C:\ApacheMaven\apache-maven-3.9.0\bin;C:\Program Files\MongoDB\Server\6.0\bin;C:\Users\prabhat devendra\AppData\Local\Microsoft\WindowsApps;C:\Users\prabhat devendra\AppData\Local\Programs\Microsoft VS Code\bin;C:\Users\prabhat devendra\AppData\Roaming\npm;C:\Program Files (x86)\HP\Common\HPDestPlgIn;C:\Users\prabhat devendra\OneDrive\Desktop\terraform;C:\Program Files\Java\jdk1.8.0_20\bin;C:\Program Files\mongosh\mongosh-1.8.0-win32-x64\bin;C:\Program Files\JetBrains\IntelliJ IDEA 2022.3.3\bin;C:\Program Files\Git\usr\bin\vendor_perl;C:\Program Files\Git\usr\bin\core_perl;."/>
    <property name="java.vm.info" value="mixed mode"/>
    <property name="java.vendor" value="Oracle Corporation"/>
    <property name="java.vm.version" value="25.291-b10"/>
    <property name="java.ext.dirs" value="C:\Program Files\Java\jdk1.8.0_291\jre\lib\ext;C:\WINDOWS\Sun\Java\lib\ext"/>
    <property name="sun.io.unicode.encoding" value="UnicodeLittle"/>
    <property name="java.class.version" value="52.0"/>
  </properties>
  <testcase name="validate" classname="controllers.EmployeeControllerTest" time="3.457">
    <system-out><![CDATA[13:39:41.190 [main] INFO  ninja.utils.NinjaModeHelper - Ninja is running in mode prod
13:39:41.250 [main] INFO  org.eclipse.jetty.util.log - Logging initialized @868ms to org.eclipse.jetty.util.log.Slf4jLog
13:39:41.875 [main] WARN  o.e.j.server.handler.ContextHandler - Empty contextPath
13:39:41.959 [main] INFO  ninja.standalone.NinjaJetty - Trying to start jetty v9.4.44.v20210927 on <all>:1000, 8443/ssl
13:39:41.960 [main] INFO  org.eclipse.jetty.server.Server - jetty-9.4.44.v20210927; built: 2021-09-27T23:02:44.612Z; git: 8da83308eeca865e495e53ef315a249d63ba9332; jvm 1.8.0_291-b10
13:39:42.011 [main] INFO  ninja.servlet.NinjaServletListener - Using JSR-356 websocket container ServerContainer@796d3c9f{STARTED}
13:39:42.019 [main] INFO  ninja.Bootstrap - Successfully configured Logback.
13:39:42.021 [main] INFO  ninja.Bootstrap - Enabling Ninja classic configuration
13:39:42.581 [main] INFO  ninja.utils.SwissKnife - Could not load file conf/messages_en.properties (not a bad thing necessarily, but I am returing null)
13:39:42.581 [main] INFO  ninja.i18n.MessagesImpl - Did not find conf/messages_en.properties but it was specified in application.conf. Using default language instead.
13:39:42.623 [main] INFO  n.template.TemplateEngineManagerImpl - -------------------------------------------------------------------
13:39:42.623 [main] INFO  n.template.TemplateEngineManagerImpl - Registered response template engines
13:39:42.624 [main] INFO  n.template.TemplateEngineManagerImpl - -------------------------------------------------------------------
13:39:42.624 [main] INFO  n.template.TemplateEngineManagerImpl - application/javascript  =>  ninja.template.TemplateEngineJsonP
13:39:42.624 [main] INFO  n.template.TemplateEngineManagerImpl - application/json        =>  ninja.template.TemplateEngineJson
13:39:42.624 [main] INFO  n.template.TemplateEngineManagerImpl - application/xml         =>  ninja.template.TemplateEngineXml
13:39:42.624 [main] INFO  n.template.TemplateEngineManagerImpl - text/html               =>  ninja.template.TemplateEngineFreemarker
13:39:42.624 [main] INFO  n.template.TemplateEngineManagerImpl - text/plain              =>  ninja.template.TemplateEngineText
13:39:42.633 [main] INFO  n.b.BodyParserEngineManagerImpl - -------------------------------------------------------------------------------------
13:39:42.633 [main] INFO  n.b.BodyParserEngineManagerImpl - Registered request bodyparser engines
13:39:42.633 [main] INFO  n.b.BodyParserEngineManagerImpl - -------------------------------------------------------------------------------------
13:39:42.633 [main] INFO  n.b.BodyParserEngineManagerImpl - application/json                   =>  ninja.bodyparser.BodyParserEngineJson
13:39:42.633 [main] INFO  n.b.BodyParserEngineManagerImpl - application/x-www-form-urlencoded  =>  ninja.bodyparser.BodyParserEnginePost
13:39:42.633 [main] INFO  n.b.BodyParserEngineManagerImpl - application/xml                    =>  ninja.bodyparser.BodyParserEngineXml
13:39:42.633 [main] INFO  n.b.BodyParserEngineManagerImpl - multipart/form-data                =>  ninja.bodyparser.BodyParserEngineMultipartPost
13:39:42.635 [main] INFO  ninja.Bootstrap - Ninja injector started in 613 ms.
13:39:42.689 [main] INFO  ninja.RouterImpl - ------------------------------------------------------------------------
13:39:42.690 [main] INFO  ninja.RouterImpl - Registered routes
13:39:42.690 [main] INFO  ninja.RouterImpl - ------------------------------------------------------------------------
13:39:42.690 [main] INFO  ninja.RouterImpl - OPTIONS /signup-asAdmin                 =>  controllers.CorsHeadersController::routeForOptions
13:39:42.690 [main] INFO  ninja.RouterImpl - OPTIONS /loginAdmin                     =>  controllers.CorsHeadersController::routeForOptions
13:39:42.690 [main] INFO  ninja.RouterImpl - OPTIONS /addStudent                     =>  controllers.CorsHeadersController::routeForOptions
13:39:42.690 [main] INFO  ninja.RouterImpl - OPTIONS /deleteStudent/{rollNo}         =>  controllers.CorsHeadersController::routeForOptions
13:39:42.690 [main] INFO  ninja.RouterImpl - OPTIONS /updateStudent                  =>  controllers.CorsHeadersController::routeForOptions
13:39:42.690 [main] INFO  ninja.RouterImpl - OPTIONS /updateAttendance               =>  controllers.CorsHeadersController::routeForOptions
13:39:42.690 [main] INFO  ninja.RouterImpl - OPTIONS /getStudentByRollNo/{rollNo}    =>  controllers.CorsHeadersController::routeForOptions
13:39:42.690 [main] INFO  ninja.RouterImpl - OPTIONS /getAllStudents                 =>  controllers.CorsHeadersController::routeForOptions
13:39:42.690 [main] INFO  ninja.RouterImpl - OPTIONS /getAllAttendances              =>  controllers.CorsHeadersController::routeForOptions
13:39:42.690 [main] INFO  ninja.RouterImpl - OPTIONS /getStudent                     =>  controllers.CorsHeadersController::routeForOptions
13:39:42.690 [main] INFO  ninja.RouterImpl - OPTIONS /signup                         =>  controllers.CorsHeadersController::routeForOptions
13:39:42.691 [main] INFO  ninja.RouterImpl - OPTIONS /login                          =>  controllers.CorsHeadersController::routeForOptions
13:39:42.691 [main] INFO  ninja.RouterImpl - OPTIONS /markAttendance                 =>  controllers.CorsHeadersController::routeForOptions
13:39:42.691 [main] INFO  ninja.RouterImpl - OPTIONS /logout                         =>  controllers.CorsHeadersController::routeForOptions
13:39:42.691 [main] INFO  ninja.RouterImpl - OPTIONS /isLoggedIn                     =>  controllers.CorsHeadersController::routeForOptions
13:39:42.691 [main] INFO  ninja.RouterImpl - OPTIONS /isAdminLoggedIn                =>  controllers.CorsHeadersController::routeForOptions
13:39:42.691 [main] INFO  ninja.RouterImpl - OPTIONS /reset                          =>  controllers.CorsHeadersController::routeForOptions
13:39:42.691 [main] INFO  ninja.RouterImpl - POST    /signup-asAdmin                 =>  controllers.EmployeeController::signUpAsAdmin
13:39:42.691 [main] INFO  ninja.RouterImpl - POST    /loginAdmin                     =>  controllers.EmployeeController::loginAdmin
13:39:42.691 [main] INFO  ninja.RouterImpl - POST    /addStudent                     =>  controllers.StudentController::addStudent
13:39:42.691 [main] INFO  ninja.RouterImpl - DELETE  /deleteStudent/{rollNo}         =>  controllers.StudentController::deleteStudent
13:39:42.691 [main] INFO  ninja.RouterImpl - PUT     /updateStudent                  =>  controllers.StudentController::updateStudentDetails
13:39:42.691 [main] INFO  ninja.RouterImpl - PUT     /updateAttendance               =>  controllers.StudentController::updateAttendance
13:39:42.691 [main] INFO  ninja.RouterImpl - GET     /getStudentByRollNo/{rollNo}    =>  controllers.StudentController::getStudentByRoll
13:39:42.691 [main] INFO  ninja.RouterImpl - GET     /getAllStudents                 =>  controllers.StudentController::getAllStudents
13:39:42.691 [main] INFO  ninja.RouterImpl - GET     /getAllAttendances/{rollNo}     =>  controllers.StudentController::getAllAttendances
13:39:42.691 [main] INFO  ninja.RouterImpl - GET     /getStudent                     =>  controllers.StudentController::getStudent
13:39:42.692 [main] INFO  ninja.RouterImpl - POST    /signup                         =>  controllers.EmployeeController::signup
13:39:42.692 [main] INFO  ninja.RouterImpl - POST    /login                          =>  controllers.EmployeeController::login
13:39:42.692 [main] INFO  ninja.RouterImpl - POST    /markAttendance                 =>  controllers.StudentController::markAttendance
13:39:42.692 [main] INFO  ninja.RouterImpl - GET     /logout                         =>  controllers.EmployeeController::logout
13:39:42.692 [main] INFO  ninja.RouterImpl - GET     /isLoggedIn                     =>  controllers.EmployeeController::isUserLoggedIn
13:39:42.692 [main] INFO  ninja.RouterImpl - GET     /isAdminLoggedIn                =>  controllers.EmployeeController::isAdminLoggedIn
13:39:42.692 [main] INFO  ninja.RouterImpl - PUT     /reset                          =>  controllers.EmployeeController::resetPassword
13:39:42.692 [main] INFO  ninja.RouterImpl - GET     /assets/webjars/{fileName: .*}  =>  ninja.AssetsController::serveWebJars
13:39:42.692 [main] INFO  ninja.RouterImpl - GET     /assets/{fileName: .*}          =>  ninja.AssetsController::serveStatic
13:39:42.693 [main] INFO  ninja.NinjaDefault - 
 _______  .___ _______        ____.  _____   
 \      \ |   |\      \      |    | /  _  \  
 /   |   \|   |/   |   \     |    |/  /_\  \ 
/    |    \   /    |    \/\__|    /    |    \  https://www.ninjaframework.org
\____|__  /___\____|__  /\________\____|__  /  @ninjaframework
     web\/framework   \/                  \/   6.9.0

13:39:42.693 [main] INFO  ninja.lifecycle.LifecycleServiceImpl - Starting Ninja application...
13:39:42.695 [main] INFO  n.migrations.MigrationEngineProvider - Using ninja.migrations.flyway.MigrationEngineFlyway as default implementation for ninja.migrations.MigrationEngine
13:39:42.898 [main] INFO  o.f.c.i.license.VersionPrinter - Flyway Community Edition 8.2.2 by Redgate
13:39:42.899 [main] INFO  o.f.c.i.d.base.BaseDatabaseType - Database: jdbc:h2:./h2_testDB (H2 1.4)
13:39:42.939 [main] INFO  o.f.core.internal.command.DbClean - Successfully dropped pre-schema database level objects (execution time 00:00.000s)
13:39:42.947 [main] INFO  o.f.core.internal.command.DbClean - Successfully cleaned schema "PUBLIC" (execution time 00:00.007s)
13:39:42.948 [main] INFO  o.f.core.internal.command.DbClean - Successfully cleaned schema "PUBLIC" (execution time 00:00.000s)
13:39:42.949 [main] INFO  o.f.core.internal.command.DbClean - Successfully dropped post-schema database level objects (execution time 00:00.000s)
13:39:42.962 [main] INFO  o.f.c.i.license.VersionPrinter - Flyway Community Edition 8.2.2 by Redgate
13:39:42.980 [main] INFO  o.f.core.internal.command.DbValidate - Successfully validated 2 migrations (execution time 00:00.013s)
13:39:42.984 [main] INFO  o.f.c.i.s.JdbcTableSchemaHistory - Creating Schema History table "PUBLIC"."flyway_schema_history" ...
13:39:43.000 [main] INFO  o.f.core.internal.command.DbMigrate - Current version of schema "PUBLIC": << Empty Schema >>
13:39:43.004 [main] INFO  o.f.core.internal.command.DbMigrate - Migrating schema "PUBLIC" to version "1"
13:39:43.018 [main] INFO  o.f.core.internal.command.DbMigrate - Migrating schema "PUBLIC" to version "2"
13:39:43.026 [main] INFO  o.f.core.internal.command.DbMigrate - Successfully applied 2 migrations to schema "PUBLIC", now at version v2 (execution time 00:00.028s)
13:39:43.062 [main] WARN  o.hibernate.ejb.HibernatePersistence - HHH015016: Encountered a deprecated javax.persistence.spi.PersistenceProvider [org.hibernate.ejb.HibernatePersistence]; use [org.hibernate.jpa.HibernatePersistenceProvider] instead.
13:39:43.063 [main] WARN  o.hibernate.ejb.HibernatePersistence - HHH015016: Encountered a deprecated javax.persistence.spi.PersistenceProvider [org.hibernate.ejb.HibernatePersistence]; use [org.hibernate.jpa.HibernatePersistenceProvider] instead.
13:39:43.063 [main] WARN  o.hibernate.ejb.HibernatePersistence - HHH015016: Encountered a deprecated javax.persistence.spi.PersistenceProvider [org.hibernate.ejb.HibernatePersistence]; use [org.hibernate.jpa.HibernatePersistenceProvider] instead.
13:39:43.208 [main] INFO  o.h.jpa.internal.util.LogHelper - HHH000204: Processing PersistenceUnitInfo [
	name: h2_test
	...]
13:39:43.254 [main] INFO  org.hibernate.Version - HHH000412: Hibernate Core {4.3.8.Final}
13:39:43.255 [main] INFO  org.hibernate.cfg.Environment - HHH000206: hibernate.properties not found
13:39:43.256 [main] INFO  org.hibernate.cfg.Environment - HHH000021: Bytecode provider name : javassist
13:39:43.396 [main] INFO  o.h.annotations.common.Version - HCANN000001: Hibernate Commons Annotations {4.0.5.Final}
13:39:43.423 [main] INFO  o.h.e.j.c.i.ConnectionProviderInitiator - HHH000130: Instantiating explicit connection provider: org.hibernate.service.jdbc.connections.internal.C3P0ConnectionProvider
13:39:43.428 [main] INFO  o.h.c.i.C3P0ConnectionProvider - HHH010002: C3P0 using driver: org.h2.Driver at URL: jdbc:h2:./h2_testDB
13:39:43.429 [main] INFO  o.h.c.i.C3P0ConnectionProvider - HHH000046: Connection properties: {user=sa, password=****}
13:39:43.429 [main] INFO  o.h.c.i.C3P0ConnectionProvider - HHH000006: Autocommit mode: false
13:39:43.440 [main] INFO  com.mchange.v2.log.MLog - MLog clients using log4j logging.
13:39:43.501 [main] INFO  com.mchange.v2.c3p0.C3P0Registry - Initializing c3p0-0.9.2.1 [built 20-March-2013 10:47:27 +0000; debug? true; trace: 10]
13:39:43.547 [main] INFO  c.m.v.c.i.AbstractPoolBackedDataSource - Initializing c3p0 pool... com.mchange.v2.c3p0.PoolBackedDataSource@e4285d5 [ connectionPoolDataSource -> com.mchange.v2.c3p0.WrapperConnectionPoolDataSource@a9283be8 [ acquireIncrement -> 1, acquireRetryAttempts -> 30, acquireRetryDelay -> 1000, autoCommitOnClose -> false, automaticTestTable -> null, breakAfterAcquireFailure -> false, checkoutTimeout -> 0, connectionCustomizerClassName -> null, connectionTesterClassName -> com.mchange.v2.c3p0.impl.DefaultConnectionTester, debugUnreturnedConnectionStackTraces -> false, factoryClassLocation -> null, forceIgnoreUnresolvedTransactions -> false, identityToken -> 1hge0w6av13h0s2siehc9m|2c6ed95a, idleConnectionTestPeriod -> 300, initialPoolSize -> 0, maxAdministrativeTaskTime -> 0, maxConnectionAge -> 0, maxIdleTime -> 100, maxIdleTimeExcessConnections -> 0, maxPoolSize -> 100, maxStatements -> 0, maxStatementsPerConnection -> 0, minPoolSize -> 0, nestedDataSource -> com.mchange.v2.c3p0.DriverManagerDataSource@c6bab862 [ description -> null, driverClass -> null, factoryClassLocation -> null, identityToken -> 1hge0w6av13h0s2siehc9m|2746bc43, jdbcUrl -> jdbc:h2:./h2_testDB, properties -> {user=******, password=******} ], preferredTestQuery -> null, propertyCycle -> 0, statementCacheNumDeferredCloseThreads -> 0, testConnectionOnCheckin -> false, testConnectionOnCheckout -> false, unreturnedConnectionTimeout -> 0, usesTraditionalReflectiveProxies -> false; userOverrides: {} ], dataSourceName -> null, factoryClassLocation -> null, identityToken -> 1hge0w6av13h0s2siehc9m|6965c32, numHelperThreads -> 3 ]
13:39:43.589 [main] INFO  org.hibernate.dialect.Dialect - HHH000400: Using dialect: org.hibernate.dialect.H2Dialect
13:39:43.598 [main] INFO  o.h.e.j.internal.LobCreatorBuilder - HHH000424: Disabling contextual LOB creation as createClob() method threw error : java.lang.reflect.InvocationTargetException
13:39:43.667 [main] INFO  o.h.h.i.a.ASTQueryTranslatorFactory - HHH000397: Using ASTQueryTranslatorFactory
13:39:43.697 [main] INFO  o.h.validator.internal.util.Version - HV000001: Hibernate Validator 4.3.1.Final
13:39:44.044 [main] INFO  ninja.lifecycle.LifecycleServiceImpl - Ninja application started in 1351ms
13:39:44.050 [main] INFO  o.e.j.server.handler.ContextHandler - Started o.e.j.s.ServletContextHandler@34b69a14{/,null,AVAILABLE}
13:39:44.065 [main] INFO  o.e.jetty.server.AbstractConnector - Started ServerConnector@191ae03f{HTTP/1.1, (http/1.1)}{0.0.0.0:1000}
13:39:44.068 [main] INFO  o.e.jetty.util.ssl.SslContextFactory - x509=X509@d374c01(ninja-development,h=[ninja],a=[],w=[]) for SslContextFactory@300566e[provider=null,keyStore=null,trustStore=null]
13:39:44.120 [main] INFO  o.e.jetty.server.AbstractConnector - Started ServerConnector@4d157787{SSL, (ssl, http/1.1)}{0.0.0.0:8443}
13:39:44.120 [main] INFO  org.eclipse.jetty.server.Server - Started @3738ms
13:39:44.121 [main] INFO  ninja.standalone.NinjaJetty - Started jetty v9.4.44.v20210927 on <all>:1000, 8443/ssl
13:39:44.121 [main] INFO  ninja.standalone.NinjaJetty - -------------------------------------------------------
13:39:44.121 [main] INFO  ninja.standalone.NinjaJetty - Ninja application running at
13:39:44.121 [main] INFO  ninja.standalone.NinjaJetty -  => http://localhost:1000
13:39:44.121 [main] INFO  ninja.standalone.NinjaJetty -  => https://localhost:8443
13:39:44.121 [main] INFO  ninja.standalone.NinjaJetty - -------------------------------------------------------
nishtha@agrawal.com nishtha@123
true
null
13:39:44.152 [main] INFO  ninja.lifecycle.LifecycleServiceImpl - Stopping Ninja application...
13:39:44.154 [main] INFO  ninja.lifecycle.LifecycleServiceImpl - Ninja application stopped in 2ms
13:39:44.154 [main] INFO  o.e.j.server.handler.ContextHandler - Stopped o.e.j.s.ServletContextHandler@34b69a14{/,null,STOPPED}
13:39:44.154 [main] INFO  ninja.standalone.NinjaJetty - Trying to stop jetty on <all>:1000, 8443/ssl
13:39:44.160 [main] INFO  o.e.jetty.server.AbstractConnector - Stopped ServerConnector@191ae03f{HTTP/1.1, (http/1.1)}{0.0.0.0:1000}
13:39:44.162 [main] INFO  o.e.jetty.server.AbstractConnector - Stopped ServerConnector@4d157787{SSL, (ssl, http/1.1)}{0.0.0.0:8443}
13:39:44.165 [main] INFO  ninja.standalone.NinjaJetty - Stopped jetty on <all>:1000, 8443/ssl
]]></system-out>
  </testcase>
  <testcase name="test" classname="controllers.EmployeeControllerTest" time="0.512">
    <system-out><![CDATA[13:39:44.203 [main] INFO  ninja.utils.NinjaModeHelper - Ninja is running in mode prod
13:39:44.435 [main] WARN  o.e.j.server.handler.ContextHandler - Empty contextPath
13:39:44.437 [main] INFO  ninja.standalone.NinjaJetty - Trying to start jetty v9.4.44.v20210927 on <all>:1000, 8443/ssl
13:39:44.437 [main] INFO  org.eclipse.jetty.server.Server - jetty-9.4.44.v20210927; built: 2021-09-27T23:02:44.612Z; git: 8da83308eeca865e495e53ef315a249d63ba9332; jvm 1.8.0_291-b10
13:39:44.438 [main] INFO  ninja.servlet.NinjaServletListener - Using JSR-356 websocket container ServerContainer@3d2e1d18{STARTED}
13:39:44.438 [main] INFO  ninja.Bootstrap - Successfully configured Logback.
13:39:44.438 [main] INFO  ninja.Bootstrap - Enabling Ninja classic configuration
13:39:44.480 [main] INFO  ninja.utils.SwissKnife - Could not load file conf/messages_en.properties (not a bad thing necessarily, but I am returing null)
13:39:44.481 [main] INFO  ninja.i18n.MessagesImpl - Did not find conf/messages_en.properties but it was specified in application.conf. Using default language instead.
13:39:44.483 [main] INFO  n.template.TemplateEngineManagerImpl - -------------------------------------------------------------------
13:39:44.483 [main] INFO  n.template.TemplateEngineManagerImpl - Registered response template engines
13:39:44.483 [main] INFO  n.template.TemplateEngineManagerImpl - -------------------------------------------------------------------
13:39:44.483 [main] INFO  n.template.TemplateEngineManagerImpl - application/javascript  =>  ninja.template.TemplateEngineJsonP
13:39:44.483 [main] INFO  n.template.TemplateEngineManagerImpl - application/json        =>  ninja.template.TemplateEngineJson
13:39:44.483 [main] INFO  n.template.TemplateEngineManagerImpl - application/xml         =>  ninja.template.TemplateEngineXml
13:39:44.483 [main] INFO  n.template.TemplateEngineManagerImpl - text/html               =>  ninja.template.TemplateEngineFreemarker
13:39:44.483 [main] INFO  n.template.TemplateEngineManagerImpl - text/plain              =>  ninja.template.TemplateEngineText
13:39:44.484 [main] INFO  n.b.BodyParserEngineManagerImpl - -------------------------------------------------------------------------------------
13:39:44.484 [main] INFO  n.b.BodyParserEngineManagerImpl - Registered request bodyparser engines
13:39:44.484 [main] INFO  n.b.BodyParserEngineManagerImpl - -------------------------------------------------------------------------------------
13:39:44.484 [main] INFO  n.b.BodyParserEngineManagerImpl - application/json                   =>  ninja.bodyparser.BodyParserEngineJson
13:39:44.484 [main] INFO  n.b.BodyParserEngineManagerImpl - application/x-www-form-urlencoded  =>  ninja.bodyparser.BodyParserEnginePost
13:39:44.484 [main] INFO  n.b.BodyParserEngineManagerImpl - application/xml                    =>  ninja.bodyparser.BodyParserEngineXml
13:39:44.484 [main] INFO  n.b.BodyParserEngineManagerImpl - multipart/form-data                =>  ninja.bodyparser.BodyParserEngineMultipartPost
13:39:44.485 [main] INFO  ninja.Bootstrap - Ninja injector started in 46 ms.
13:39:44.491 [main] INFO  ninja.RouterImpl - ------------------------------------------------------------------------
13:39:44.493 [main] INFO  ninja.RouterImpl - Registered routes
13:39:44.493 [main] INFO  ninja.RouterImpl - ------------------------------------------------------------------------
13:39:44.493 [main] INFO  ninja.RouterImpl - OPTIONS /signup-asAdmin                 =>  controllers.CorsHeadersController::routeForOptions
13:39:44.493 [main] INFO  ninja.RouterImpl - OPTIONS /loginAdmin                     =>  controllers.CorsHeadersController::routeForOptions
13:39:44.493 [main] INFO  ninja.RouterImpl - OPTIONS /addStudent                     =>  controllers.CorsHeadersController::routeForOptions
13:39:44.493 [main] INFO  ninja.RouterImpl - OPTIONS /deleteStudent/{rollNo}         =>  controllers.CorsHeadersController::routeForOptions
13:39:44.493 [main] INFO  ninja.RouterImpl - OPTIONS /updateStudent                  =>  controllers.CorsHeadersController::routeForOptions
13:39:44.493 [main] INFO  ninja.RouterImpl - OPTIONS /updateAttendance               =>  controllers.CorsHeadersController::routeForOptions
13:39:44.493 [main] INFO  ninja.RouterImpl - OPTIONS /getStudentByRollNo/{rollNo}    =>  controllers.CorsHeadersController::routeForOptions
13:39:44.493 [main] INFO  ninja.RouterImpl - OPTIONS /getAllStudents                 =>  controllers.CorsHeadersController::routeForOptions
13:39:44.493 [main] INFO  ninja.RouterImpl - OPTIONS /getAllAttendances              =>  controllers.CorsHeadersController::routeForOptions
13:39:44.493 [main] INFO  ninja.RouterImpl - OPTIONS /getStudent                     =>  controllers.CorsHeadersController::routeForOptions
13:39:44.493 [main] INFO  ninja.RouterImpl - OPTIONS /signup                         =>  controllers.CorsHeadersController::routeForOptions
13:39:44.493 [main] INFO  ninja.RouterImpl - OPTIONS /login                          =>  controllers.CorsHeadersController::routeForOptions
13:39:44.493 [main] INFO  ninja.RouterImpl - OPTIONS /markAttendance                 =>  controllers.CorsHeadersController::routeForOptions
13:39:44.493 [main] INFO  ninja.RouterImpl - OPTIONS /logout                         =>  controllers.CorsHeadersController::routeForOptions
13:39:44.493 [main] INFO  ninja.RouterImpl - OPTIONS /isLoggedIn                     =>  controllers.CorsHeadersController::routeForOptions
13:39:44.493 [main] INFO  ninja.RouterImpl - OPTIONS /isAdminLoggedIn                =>  controllers.CorsHeadersController::routeForOptions
13:39:44.493 [main] INFO  ninja.RouterImpl - OPTIONS /reset                          =>  controllers.CorsHeadersController::routeForOptions
13:39:44.493 [main] INFO  ninja.RouterImpl - POST    /signup-asAdmin                 =>  controllers.EmployeeController::signUpAsAdmin
13:39:44.493 [main] INFO  ninja.RouterImpl - POST    /loginAdmin                     =>  controllers.EmployeeController::loginAdmin
13:39:44.493 [main] INFO  ninja.RouterImpl - POST    /addStudent                     =>  controllers.StudentController::addStudent
13:39:44.493 [main] INFO  ninja.RouterImpl - DELETE  /deleteStudent/{rollNo}         =>  controllers.StudentController::deleteStudent
13:39:44.493 [main] INFO  ninja.RouterImpl - PUT     /updateStudent                  =>  controllers.StudentController::updateStudentDetails
13:39:44.493 [main] INFO  ninja.RouterImpl - PUT     /updateAttendance               =>  controllers.StudentController::updateAttendance
13:39:44.493 [main] INFO  ninja.RouterImpl - GET     /getStudentByRollNo/{rollNo}    =>  controllers.StudentController::getStudentByRoll
13:39:44.493 [main] INFO  ninja.RouterImpl - GET     /getAllStudents                 =>  controllers.StudentController::getAllStudents
13:39:44.493 [main] INFO  ninja.RouterImpl - GET     /getAllAttendances/{rollNo}     =>  controllers.StudentController::getAllAttendances
13:39:44.493 [main] INFO  ninja.RouterImpl - GET     /getStudent                     =>  controllers.StudentController::getStudent
13:39:44.493 [main] INFO  ninja.RouterImpl - POST    /signup                         =>  controllers.EmployeeController::signup
13:39:44.493 [main] INFO  ninja.RouterImpl - POST    /login                          =>  controllers.EmployeeController::login
13:39:44.493 [main] INFO  ninja.RouterImpl - POST    /markAttendance                 =>  controllers.StudentController::markAttendance
13:39:44.493 [main] INFO  ninja.RouterImpl - GET     /logout                         =>  controllers.EmployeeController::logout
13:39:44.494 [main] INFO  ninja.RouterImpl - GET     /isLoggedIn                     =>  controllers.EmployeeController::isUserLoggedIn
13:39:44.494 [main] INFO  ninja.RouterImpl - GET     /isAdminLoggedIn                =>  controllers.EmployeeController::isAdminLoggedIn
13:39:44.494 [main] INFO  ninja.RouterImpl - PUT     /reset                          =>  controllers.EmployeeController::resetPassword
13:39:44.494 [main] INFO  ninja.RouterImpl - GET     /assets/webjars/{fileName: .*}  =>  ninja.AssetsController::serveWebJars
13:39:44.494 [main] INFO  ninja.RouterImpl - GET     /assets/{fileName: .*}          =>  ninja.AssetsController::serveStatic
13:39:44.494 [main] INFO  ninja.NinjaDefault - 
 _______  .___ _______        ____.  _____   
 \      \ |   |\      \      |    | /  _  \  
 /   |   \|   |/   |   \     |    |/  /_\  \ 
/    |    \   /    |    \/\__|    /    |    \  https://www.ninjaframework.org
\____|__  /___\____|__  /\________\____|__  /  @ninjaframework
     web\/framework   \/                  \/   6.9.0

13:39:44.494 [main] INFO  ninja.lifecycle.LifecycleServiceImpl - Starting Ninja application...
13:39:44.495 [main] INFO  n.migrations.MigrationEngineProvider - Using ninja.migrations.flyway.MigrationEngineFlyway as default implementation for ninja.migrations.MigrationEngine
13:39:44.503 [main] INFO  o.f.c.i.license.VersionPrinter - Flyway Community Edition 8.2.2 by Redgate
13:39:44.504 [main] INFO  o.f.c.i.d.base.BaseDatabaseType - Database: jdbc:h2:./h2_testDB (H2 1.4)
13:39:44.507 [main] INFO  o.f.core.internal.command.DbClean - Successfully dropped pre-schema database level objects (execution time 00:00.000s)
13:39:44.511 [main] INFO  o.f.core.internal.command.DbClean - Successfully cleaned schema "PUBLIC" (execution time 00:00.003s)
13:39:44.512 [main] INFO  o.f.core.internal.command.DbClean - Successfully cleaned schema "PUBLIC" (execution time 00:00.000s)
13:39:44.512 [main] INFO  o.f.core.internal.command.DbClean - Successfully dropped post-schema database level objects (execution time 00:00.000s)
13:39:44.518 [main] INFO  o.f.c.i.license.VersionPrinter - Flyway Community Edition 8.2.2 by Redgate
13:39:44.524 [main] INFO  o.f.core.internal.command.DbValidate - Successfully validated 2 migrations (execution time 00:00.002s)
13:39:44.525 [main] INFO  o.f.c.i.s.JdbcTableSchemaHistory - Creating Schema History table "PUBLIC"."flyway_schema_history" ...
13:39:44.531 [main] INFO  o.f.core.internal.command.DbMigrate - Current version of schema "PUBLIC": << Empty Schema >>
13:39:44.533 [main] INFO  o.f.core.internal.command.DbMigrate - Migrating schema "PUBLIC" to version "1"
13:39:44.541 [main] INFO  o.f.core.internal.command.DbMigrate - Migrating schema "PUBLIC" to version "2"
13:39:44.548 [main] INFO  o.f.core.internal.command.DbMigrate - Successfully applied 2 migrations to schema "PUBLIC", now at version v2 (execution time 00:00.019s)
13:39:44.551 [main] WARN  o.hibernate.ejb.HibernatePersistence - HHH015016: Encountered a deprecated javax.persistence.spi.PersistenceProvider [org.hibernate.ejb.HibernatePersistence]; use [org.hibernate.jpa.HibernatePersistenceProvider] instead.
13:39:44.551 [main] WARN  o.hibernate.ejb.HibernatePersistence - HHH015016: Encountered a deprecated javax.persistence.spi.PersistenceProvider [org.hibernate.ejb.HibernatePersistence]; use [org.hibernate.jpa.HibernatePersistenceProvider] instead.
13:39:44.551 [main] WARN  o.hibernate.ejb.HibernatePersistence - HHH015016: Encountered a deprecated javax.persistence.spi.PersistenceProvider [org.hibernate.ejb.HibernatePersistence]; use [org.hibernate.jpa.HibernatePersistenceProvider] instead.
13:39:44.564 [main] INFO  o.h.jpa.internal.util.LogHelper - HHH000204: Processing PersistenceUnitInfo [
	name: h2_test
	...]
13:39:44.583 [main] INFO  o.h.e.j.c.i.ConnectionProviderInitiator - HHH000130: Instantiating explicit connection provider: org.hibernate.service.jdbc.connections.internal.C3P0ConnectionProvider
13:39:44.583 [main] INFO  o.h.c.i.C3P0ConnectionProvider - HHH010002: C3P0 using driver: org.h2.Driver at URL: jdbc:h2:./h2_testDB
13:39:44.583 [main] INFO  o.h.c.i.C3P0ConnectionProvider - HHH000046: Connection properties: {user=sa, password=****}
13:39:44.583 [main] INFO  o.h.c.i.C3P0ConnectionProvider - HHH000006: Autocommit mode: false
13:39:44.628 [main] INFO  c.m.v.c.i.AbstractPoolBackedDataSource - Initializing c3p0 pool... com.mchange.v2.c3p0.PoolBackedDataSource@c2e2bf43 [ connectionPoolDataSource -> com.mchange.v2.c3p0.WrapperConnectionPoolDataSource@7313af5b [ acquireIncrement -> 1, acquireRetryAttempts -> 30, acquireRetryDelay -> 1000, autoCommitOnClose -> false, automaticTestTable -> null, breakAfterAcquireFailure -> false, checkoutTimeout -> 0, connectionCustomizerClassName -> null, connectionTesterClassName -> com.mchange.v2.c3p0.impl.DefaultConnectionTester, debugUnreturnedConnectionStackTraces -> false, factoryClassLocation -> null, forceIgnoreUnresolvedTransactions -> false, identityToken -> 1hge0w6av13h0s2siehc9m|3b8a02b6, idleConnectionTestPeriod -> 300, initialPoolSize -> 0, maxAdministrativeTaskTime -> 0, maxConnectionAge -> 0, maxIdleTime -> 100, maxIdleTimeExcessConnections -> 0, maxPoolSize -> 100, maxStatements -> 0, maxStatementsPerConnection -> 0, minPoolSize -> 0, nestedDataSource -> com.mchange.v2.c3p0.DriverManagerDataSource@70ed9fd1 [ description -> null, driverClass -> null, factoryClassLocation -> null, identityToken -> 1hge0w6av13h0s2siehc9m|48bff6ff, jdbcUrl -> jdbc:h2:./h2_testDB, properties -> {user=******, password=******} ], preferredTestQuery -> null, propertyCycle -> 0, statementCacheNumDeferredCloseThreads -> 0, testConnectionOnCheckin -> false, testConnectionOnCheckout -> false, unreturnedConnectionTimeout -> 0, usesTraditionalReflectiveProxies -> false; userOverrides: {} ], dataSourceName -> null, factoryClassLocation -> null, identityToken -> 1hge0w6av13h0s2siehc9m|69117714, numHelperThreads -> 3 ]
13:39:44.636 [main] INFO  org.hibernate.dialect.Dialect - HHH000400: Using dialect: org.hibernate.dialect.H2Dialect
13:39:44.637 [main] INFO  o.h.e.j.internal.LobCreatorBuilder - HHH000424: Disabling contextual LOB creation as createClob() method threw error : java.lang.reflect.InvocationTargetException
13:39:44.641 [main] INFO  o.h.h.i.a.ASTQueryTranslatorFactory - HHH000397: Using ASTQueryTranslatorFactory
13:39:44.661 [main] INFO  ninja.lifecycle.LifecycleServiceImpl - Ninja application started in 167ms
13:39:44.661 [main] INFO  o.e.j.server.handler.ContextHandler - Started o.e.j.s.ServletContextHandler@346a8a46{/,null,AVAILABLE}
13:39:44.664 [main] INFO  o.e.jetty.server.AbstractConnector - Started ServerConnector@1f234e35{HTTP/1.1, (http/1.1)}{0.0.0.0:1000}
13:39:44.665 [main] INFO  o.e.jetty.util.ssl.SslContextFactory - x509=X509@24c8fc2b(ninja-development,h=[ninja],a=[],w=[]) for SslContextFactory@23af9455[provider=null,keyStore=null,trustStore=null]
13:39:44.705 [main] INFO  o.e.jetty.server.AbstractConnector - Started ServerConnector@5ddd3fbd{SSL, (ssl, http/1.1)}{0.0.0.0:8443}
13:39:44.705 [main] INFO  org.eclipse.jetty.server.Server - Started @4323ms
13:39:44.705 [main] INFO  ninja.standalone.NinjaJetty - Started jetty v9.4.44.v20210927 on <all>:1000, 8443/ssl
13:39:44.705 [main] INFO  ninja.standalone.NinjaJetty - -------------------------------------------------------
13:39:44.705 [main] INFO  ninja.standalone.NinjaJetty - Ninja application running at
13:39:44.706 [main] INFO  ninja.standalone.NinjaJetty -  => http://localhost:1000
13:39:44.706 [main] INFO  ninja.standalone.NinjaJetty -  => https://localhost:8443
13:39:44.706 [main] INFO  ninja.standalone.NinjaJetty - -------------------------------------------------------
13:39:44.706 [main] INFO  ninja.lifecycle.LifecycleServiceImpl - Stopping Ninja application...
13:39:44.707 [main] INFO  ninja.lifecycle.LifecycleServiceImpl - Ninja application stopped in 1ms
13:39:44.707 [main] INFO  o.e.j.server.handler.ContextHandler - Stopped o.e.j.s.ServletContextHandler@346a8a46{/,null,STOPPED}
13:39:44.707 [main] INFO  ninja.standalone.NinjaJetty - Trying to stop jetty on <all>:1000, 8443/ssl
13:39:44.712 [main] INFO  o.e.jetty.server.AbstractConnector - Stopped ServerConnector@1f234e35{HTTP/1.1, (http/1.1)}{0.0.0.0:1000}
13:39:44.713 [main] INFO  o.e.jetty.server.AbstractConnector - Stopped ServerConnector@5ddd3fbd{SSL, (ssl, http/1.1)}{0.0.0.0:8443}
13:39:44.714 [main] INFO  ninja.standalone.NinjaJetty - Stopped jetty on <all>:1000, 8443/ssl
]]></system-out>
  </testcase>
  <testcase name="createUser" classname="controllers.EmployeeControllerTest" time="0.463">
    <system-out><![CDATA[13:39:44.716 [main] INFO  ninja.utils.NinjaModeHelper - Ninja is running in mode prod
13:39:44.946 [main] WARN  o.e.j.server.handler.ContextHandler - Empty contextPath
13:39:44.947 [main] INFO  ninja.standalone.NinjaJetty - Trying to start jetty v9.4.44.v20210927 on <all>:1000, 8443/ssl
13:39:44.948 [main] INFO  org.eclipse.jetty.server.Server - jetty-9.4.44.v20210927; built: 2021-09-27T23:02:44.612Z; git: 8da83308eeca865e495e53ef315a249d63ba9332; jvm 1.8.0_291-b10
13:39:44.949 [main] INFO  ninja.servlet.NinjaServletListener - Using JSR-356 websocket container ServerContainer@be74f53{STARTED}
13:39:44.950 [main] INFO  ninja.Bootstrap - Successfully configured Logback.
13:39:44.950 [main] INFO  ninja.Bootstrap - Enabling Ninja classic configuration
13:39:44.992 [main] INFO  ninja.utils.SwissKnife - Could not load file conf/messages_en.properties (not a bad thing necessarily, but I am returing null)
13:39:44.992 [main] INFO  ninja.i18n.MessagesImpl - Did not find conf/messages_en.properties but it was specified in application.conf. Using default language instead.
13:39:44.994 [main] INFO  n.template.TemplateEngineManagerImpl - -------------------------------------------------------------------
13:39:44.994 [main] INFO  n.template.TemplateEngineManagerImpl - Registered response template engines
13:39:44.994 [main] INFO  n.template.TemplateEngineManagerImpl - -------------------------------------------------------------------
13:39:44.994 [main] INFO  n.template.TemplateEngineManagerImpl - application/javascript  =>  ninja.template.TemplateEngineJsonP
13:39:44.994 [main] INFO  n.template.TemplateEngineManagerImpl - application/json        =>  ninja.template.TemplateEngineJson
13:39:44.994 [main] INFO  n.template.TemplateEngineManagerImpl - application/xml         =>  ninja.template.TemplateEngineXml
13:39:44.994 [main] INFO  n.template.TemplateEngineManagerImpl - text/html               =>  ninja.template.TemplateEngineFreemarker
13:39:44.994 [main] INFO  n.template.TemplateEngineManagerImpl - text/plain              =>  ninja.template.TemplateEngineText
13:39:44.995 [main] INFO  n.b.BodyParserEngineManagerImpl - -------------------------------------------------------------------------------------
13:39:44.995 [main] INFO  n.b.BodyParserEngineManagerImpl - Registered request bodyparser engines
13:39:44.995 [main] INFO  n.b.BodyParserEngineManagerImpl - -------------------------------------------------------------------------------------
13:39:44.995 [main] INFO  n.b.BodyParserEngineManagerImpl - application/json                   =>  ninja.bodyparser.BodyParserEngineJson
13:39:44.995 [main] INFO  n.b.BodyParserEngineManagerImpl - application/x-www-form-urlencoded  =>  ninja.bodyparser.BodyParserEnginePost
13:39:44.995 [main] INFO  n.b.BodyParserEngineManagerImpl - application/xml                    =>  ninja.bodyparser.BodyParserEngineXml
13:39:44.995 [main] INFO  n.b.BodyParserEngineManagerImpl - multipart/form-data                =>  ninja.bodyparser.BodyParserEngineMultipartPost
13:39:44.995 [main] INFO  ninja.Bootstrap - Ninja injector started in 45 ms.
13:39:44.999 [main] INFO  ninja.RouterImpl - ------------------------------------------------------------------------
13:39:45.000 [main] INFO  ninja.RouterImpl - Registered routes
13:39:45.000 [main] INFO  ninja.RouterImpl - ------------------------------------------------------------------------
13:39:45.000 [main] INFO  ninja.RouterImpl - OPTIONS /signup-asAdmin                 =>  controllers.CorsHeadersController::routeForOptions
13:39:45.000 [main] INFO  ninja.RouterImpl - OPTIONS /loginAdmin                     =>  controllers.CorsHeadersController::routeForOptions
13:39:45.000 [main] INFO  ninja.RouterImpl - OPTIONS /addStudent                     =>  controllers.CorsHeadersController::routeForOptions
13:39:45.000 [main] INFO  ninja.RouterImpl - OPTIONS /deleteStudent/{rollNo}         =>  controllers.CorsHeadersController::routeForOptions
13:39:45.000 [main] INFO  ninja.RouterImpl - OPTIONS /updateStudent                  =>  controllers.CorsHeadersController::routeForOptions
13:39:45.000 [main] INFO  ninja.RouterImpl - OPTIONS /updateAttendance               =>  controllers.CorsHeadersController::routeForOptions
13:39:45.000 [main] INFO  ninja.RouterImpl - OPTIONS /getStudentByRollNo/{rollNo}    =>  controllers.CorsHeadersController::routeForOptions
13:39:45.000 [main] INFO  ninja.RouterImpl - OPTIONS /getAllStudents                 =>  controllers.CorsHeadersController::routeForOptions
13:39:45.000 [main] INFO  ninja.RouterImpl - OPTIONS /getAllAttendances              =>  controllers.CorsHeadersController::routeForOptions
13:39:45.000 [main] INFO  ninja.RouterImpl - OPTIONS /getStudent                     =>  controllers.CorsHeadersController::routeForOptions
13:39:45.000 [main] INFO  ninja.RouterImpl - OPTIONS /signup                         =>  controllers.CorsHeadersController::routeForOptions
13:39:45.000 [main] INFO  ninja.RouterImpl - OPTIONS /login                          =>  controllers.CorsHeadersController::routeForOptions
13:39:45.000 [main] INFO  ninja.RouterImpl - OPTIONS /markAttendance                 =>  controllers.CorsHeadersController::routeForOptions
13:39:45.000 [main] INFO  ninja.RouterImpl - OPTIONS /logout                         =>  controllers.CorsHeadersController::routeForOptions
13:39:45.000 [main] INFO  ninja.RouterImpl - OPTIONS /isLoggedIn                     =>  controllers.CorsHeadersController::routeForOptions
13:39:45.000 [main] INFO  ninja.RouterImpl - OPTIONS /isAdminLoggedIn                =>  controllers.CorsHeadersController::routeForOptions
13:39:45.000 [main] INFO  ninja.RouterImpl - OPTIONS /reset                          =>  controllers.CorsHeadersController::routeForOptions
13:39:45.000 [main] INFO  ninja.RouterImpl - POST    /signup-asAdmin                 =>  controllers.EmployeeController::signUpAsAdmin
13:39:45.000 [main] INFO  ninja.RouterImpl - POST    /loginAdmin                     =>  controllers.EmployeeController::loginAdmin
13:39:45.000 [main] INFO  ninja.RouterImpl - POST    /addStudent                     =>  controllers.StudentController::addStudent
13:39:45.000 [main] INFO  ninja.RouterImpl - DELETE  /deleteStudent/{rollNo}         =>  controllers.StudentController::deleteStudent
13:39:45.000 [main] INFO  ninja.RouterImpl - PUT     /updateStudent                  =>  controllers.StudentController::updateStudentDetails
13:39:45.000 [main] INFO  ninja.RouterImpl - PUT     /updateAttendance               =>  controllers.StudentController::updateAttendance
13:39:45.000 [main] INFO  ninja.RouterImpl - GET     /getStudentByRollNo/{rollNo}    =>  controllers.StudentController::getStudentByRoll
13:39:45.000 [main] INFO  ninja.RouterImpl - GET     /getAllStudents                 =>  controllers.StudentController::getAllStudents
13:39:45.000 [main] INFO  ninja.RouterImpl - GET     /getAllAttendances/{rollNo}     =>  controllers.StudentController::getAllAttendances
13:39:45.000 [main] INFO  ninja.RouterImpl - GET     /getStudent                     =>  controllers.StudentController::getStudent
13:39:45.000 [main] INFO  ninja.RouterImpl - POST    /signup                         =>  controllers.EmployeeController::signup
13:39:45.000 [main] INFO  ninja.RouterImpl - POST    /login                          =>  controllers.EmployeeController::login
13:39:45.000 [main] INFO  ninja.RouterImpl - POST    /markAttendance                 =>  controllers.StudentController::markAttendance
13:39:45.000 [main] INFO  ninja.RouterImpl - GET     /logout                         =>  controllers.EmployeeController::logout
13:39:45.000 [main] INFO  ninja.RouterImpl - GET     /isLoggedIn                     =>  controllers.EmployeeController::isUserLoggedIn
13:39:45.000 [main] INFO  ninja.RouterImpl - GET     /isAdminLoggedIn                =>  controllers.EmployeeController::isAdminLoggedIn
13:39:45.000 [main] INFO  ninja.RouterImpl - PUT     /reset                          =>  controllers.EmployeeController::resetPassword
13:39:45.000 [main] INFO  ninja.RouterImpl - GET     /assets/webjars/{fileName: .*}  =>  ninja.AssetsController::serveWebJars
13:39:45.000 [main] INFO  ninja.RouterImpl - GET     /assets/{fileName: .*}          =>  ninja.AssetsController::serveStatic
13:39:45.001 [main] INFO  ninja.NinjaDefault - 
 _______  .___ _______        ____.  _____   
 \      \ |   |\      \      |    | /  _  \  
 /   |   \|   |/   |   \     |    |/  /_\  \ 
/    |    \   /    |    \/\__|    /    |    \  https://www.ninjaframework.org
\____|__  /___\____|__  /\________\____|__  /  @ninjaframework
     web\/framework   \/                  \/   6.9.0

13:39:45.001 [main] INFO  ninja.lifecycle.LifecycleServiceImpl - Starting Ninja application...
13:39:45.001 [main] INFO  n.migrations.MigrationEngineProvider - Using ninja.migrations.flyway.MigrationEngineFlyway as default implementation for ninja.migrations.MigrationEngine
13:39:45.010 [main] INFO  o.f.c.i.license.VersionPrinter - Flyway Community Edition 8.2.2 by Redgate
13:39:45.010 [main] INFO  o.f.c.i.d.base.BaseDatabaseType - Database: jdbc:h2:./h2_testDB (H2 1.4)
13:39:45.013 [main] INFO  o.f.core.internal.command.DbClean - Successfully dropped pre-schema database level objects (execution time 00:00.000s)
13:39:45.016 [main] INFO  o.f.core.internal.command.DbClean - Successfully cleaned schema "PUBLIC" (execution time 00:00.002s)
13:39:45.016 [main] INFO  o.f.core.internal.command.DbClean - Successfully cleaned schema "PUBLIC" (execution time 00:00.000s)
13:39:45.016 [main] INFO  o.f.core.internal.command.DbClean - Successfully dropped post-schema database level objects (execution time 00:00.000s)
13:39:45.022 [main] INFO  o.f.c.i.license.VersionPrinter - Flyway Community Edition 8.2.2 by Redgate
13:39:45.026 [main] INFO  o.f.core.internal.command.DbValidate - Successfully validated 2 migrations (execution time 00:00.002s)
13:39:45.028 [main] INFO  o.f.c.i.s.JdbcTableSchemaHistory - Creating Schema History table "PUBLIC"."flyway_schema_history" ...
13:39:45.031 [main] INFO  o.f.core.internal.command.DbMigrate - Current version of schema "PUBLIC": << Empty Schema >>
13:39:45.032 [main] INFO  o.f.core.internal.command.DbMigrate - Migrating schema "PUBLIC" to version "1"
13:39:45.038 [main] INFO  o.f.core.internal.command.DbMigrate - Migrating schema "PUBLIC" to version "2"
13:39:45.043 [main] INFO  o.f.core.internal.command.DbMigrate - Successfully applied 2 migrations to schema "PUBLIC", now at version v2 (execution time 00:00.012s)
13:39:45.044 [main] WARN  o.hibernate.ejb.HibernatePersistence - HHH015016: Encountered a deprecated javax.persistence.spi.PersistenceProvider [org.hibernate.ejb.HibernatePersistence]; use [org.hibernate.jpa.HibernatePersistenceProvider] instead.
13:39:45.045 [main] WARN  o.hibernate.ejb.HibernatePersistence - HHH015016: Encountered a deprecated javax.persistence.spi.PersistenceProvider [org.hibernate.ejb.HibernatePersistence]; use [org.hibernate.jpa.HibernatePersistenceProvider] instead.
13:39:45.045 [main] WARN  o.hibernate.ejb.HibernatePersistence - HHH015016: Encountered a deprecated javax.persistence.spi.PersistenceProvider [org.hibernate.ejb.HibernatePersistence]; use [org.hibernate.jpa.HibernatePersistenceProvider] instead.
13:39:45.055 [main] INFO  o.h.jpa.internal.util.LogHelper - HHH000204: Processing PersistenceUnitInfo [
	name: h2_test
	...]
13:39:45.074 [main] INFO  o.h.e.j.c.i.ConnectionProviderInitiator - HHH000130: Instantiating explicit connection provider: org.hibernate.service.jdbc.connections.internal.C3P0ConnectionProvider
13:39:45.074 [main] INFO  o.h.c.i.C3P0ConnectionProvider - HHH010002: C3P0 using driver: org.h2.Driver at URL: jdbc:h2:./h2_testDB
13:39:45.074 [main] INFO  o.h.c.i.C3P0ConnectionProvider - HHH000046: Connection properties: {user=sa, password=****}
13:39:45.074 [main] INFO  o.h.c.i.C3P0ConnectionProvider - HHH000006: Autocommit mode: false
13:39:45.095 [main] INFO  c.m.v.c.i.AbstractPoolBackedDataSource - Initializing c3p0 pool... com.mchange.v2.c3p0.PoolBackedDataSource@2904f8f6 [ connectionPoolDataSource -> com.mchange.v2.c3p0.WrapperConnectionPoolDataSource@62d90766 [ acquireIncrement -> 1, acquireRetryAttempts -> 30, acquireRetryDelay -> 1000, autoCommitOnClose -> false, automaticTestTable -> null, breakAfterAcquireFailure -> false, checkoutTimeout -> 0, connectionCustomizerClassName -> null, connectionTesterClassName -> com.mchange.v2.c3p0.impl.DefaultConnectionTester, debugUnreturnedConnectionStackTraces -> false, factoryClassLocation -> null, forceIgnoreUnresolvedTransactions -> false, identityToken -> 1hge0w6av13h0s2siehc9m|5343ec9a, idleConnectionTestPeriod -> 300, initialPoolSize -> 0, maxAdministrativeTaskTime -> 0, maxConnectionAge -> 0, maxIdleTime -> 100, maxIdleTimeExcessConnections -> 0, maxPoolSize -> 100, maxStatements -> 0, maxStatementsPerConnection -> 0, minPoolSize -> 0, nestedDataSource -> com.mchange.v2.c3p0.DriverManagerDataSource@181fffa9 [ description -> null, driverClass -> null, factoryClassLocation -> null, identityToken -> 1hge0w6av13h0s2siehc9m|40bfe33e, jdbcUrl -> jdbc:h2:./h2_testDB, properties -> {user=******, password=******} ], preferredTestQuery -> null, propertyCycle -> 0, statementCacheNumDeferredCloseThreads -> 0, testConnectionOnCheckin -> false, testConnectionOnCheckout -> false, unreturnedConnectionTimeout -> 0, usesTraditionalReflectiveProxies -> false; userOverrides: {} ], dataSourceName -> null, factoryClassLocation -> null, identityToken -> 1hge0w6av13h0s2siehc9m|5cb6f326, numHelperThreads -> 3 ]
13:39:45.103 [main] INFO  org.hibernate.dialect.Dialect - HHH000400: Using dialect: org.hibernate.dialect.H2Dialect
13:39:45.103 [main] INFO  o.h.e.j.internal.LobCreatorBuilder - HHH000424: Disabling contextual LOB creation as createClob() method threw error : java.lang.reflect.InvocationTargetException
13:39:45.109 [main] INFO  o.h.h.i.a.ASTQueryTranslatorFactory - HHH000397: Using ASTQueryTranslatorFactory
13:39:45.126 [main] INFO  ninja.lifecycle.LifecycleServiceImpl - Ninja application started in 125ms
13:39:45.126 [main] INFO  o.e.j.server.handler.ContextHandler - Started o.e.j.s.ServletContextHandler@3a82ff5{/,null,AVAILABLE}
13:39:45.129 [main] INFO  o.e.jetty.server.AbstractConnector - Started ServerConnector@702e553b{HTTP/1.1, (http/1.1)}{0.0.0.0:1000}
13:39:45.129 [main] INFO  o.e.jetty.util.ssl.SslContextFactory - x509=X509@7bd3fafa(ninja-development,h=[ninja],a=[],w=[]) for SslContextFactory@1abc44b4[provider=null,keyStore=null,trustStore=null]
13:39:45.167 [main] INFO  o.e.jetty.server.AbstractConnector - Started ServerConnector@67718026{SSL, (ssl, http/1.1)}{0.0.0.0:8443}
13:39:45.167 [main] INFO  org.eclipse.jetty.server.Server - Started @4784ms
13:39:45.167 [main] INFO  ninja.standalone.NinjaJetty - Started jetty v9.4.44.v20210927 on <all>:1000, 8443/ssl
13:39:45.167 [main] INFO  ninja.standalone.NinjaJetty - -------------------------------------------------------
13:39:45.167 [main] INFO  ninja.standalone.NinjaJetty - Ninja application running at
13:39:45.167 [main] INFO  ninja.standalone.NinjaJetty -  => http://localhost:1000
13:39:45.167 [main] INFO  ninja.standalone.NinjaJetty -  => https://localhost:8443
13:39:45.167 [main] INFO  ninja.standalone.NinjaJetty - -------------------------------------------------------
HiHello sam@gmail.com
13:39:45.168 [main] INFO  ninja.lifecycle.LifecycleServiceImpl - Stopping Ninja application...
13:39:45.168 [main] INFO  ninja.lifecycle.LifecycleServiceImpl - Ninja application stopped in 0ms
13:39:45.169 [main] INFO  o.e.j.server.handler.ContextHandler - Stopped o.e.j.s.ServletContextHandler@3a82ff5{/,null,STOPPED}
13:39:45.169 [main] INFO  ninja.standalone.NinjaJetty - Trying to stop jetty on <all>:1000, 8443/ssl
13:39:45.172 [main] INFO  o.e.jetty.server.AbstractConnector - Stopped ServerConnector@702e553b{HTTP/1.1, (http/1.1)}{0.0.0.0:1000}
13:39:45.174 [main] INFO  o.e.jetty.server.AbstractConnector - Stopped ServerConnector@67718026{SSL, (ssl, http/1.1)}{0.0.0.0:8443}
13:39:45.175 [main] INFO  ninja.standalone.NinjaJetty - Stopped jetty on <all>:1000, 8443/ssl
]]></system-out>
  </testcase>
</testsuite>